#
# There is insufficient memory for the Java Runtime Environment to continue.
# Native memory allocation (malloc) failed to allocate 1082496 bytes for Chunk::new
# Possible reasons:
#   The system is out of physical RAM or swap space
#   The process is running with CompressedOops enabled, and the Java Heap may be blocking the growth of the native heap
# Possible solutions:
#   Reduce memory load on the system
#   Increase physical memory or swap space
#   Check if swap backing store is full
#   Decrease Java heap size (-Xmx/-Xms)
#   Decrease number of Java threads
#   Decrease Java thread stack sizes (-Xss)
#   Set larger code cache with -XX:ReservedCodeCacheSize=
#   JVM is running with Unscaled Compressed Oops mode in which the Java heap is
#     placed in the first 4GB address space. The Java Heap base address is the
#     maximum limit for the native heap growth. Please use -XX:HeapBaseMinAddress
#     to set the Java Heap base and to place the Java Heap above 4GB virtual address.
# This output file may be truncated or incomplete.
#
#  Out of Memory Error (allocation.cpp:389), pid=3428, tid=0x0000000000001538
#
# JRE version: OpenJDK Runtime Environment (8.0_242-b01) (build 1.8.0_242-release-1644-b01)
# Java VM: OpenJDK 64-Bit Server VM (25.242-b01 mixed mode windows-amd64 compressed oops)
# Failed to write core dump. Minidumps are not enabled by default on client versions of Windows
#

---------------  T H R E A D  ---------------

Current thread (0x00000000171d1000):  JavaThread "C2 CompilerThread0" daemon [_thread_in_native, id=5432, stack(0x00000000181f0000,0x00000000182f0000)]

Stack: [0x00000000181f0000,0x00000000182f0000]
[error occurred during error reporting (printing stack bounds), id 0xc0000005]

Native frames: (J=compiled Java code, j=interpreted, Vv=VM code, C=native code)


Current CompileTask:
C2:  25161 3178       4       groovy.lang.MetaClassImpl$1MOPIter::methodNameAction (325 bytes)


---------------  P R O C E S S  ---------------

Java Threads: ( => current thread )
  0x000000001d213000 JavaThread "Cache worker for Build Output Cleanup Cache (D:\AndroidStudioProjects\DocumentScanner\.gradle\buildOutputCleanup)" [_thread_blocked, id=11068, stack(0x0000000021e60000,0x0000000021f60000)]
  0x000000001d20f000 JavaThread "Cache worker for file content cache (C:\Users\mehmet esen\.gradle\caches\6.5\fileContent)" [_thread_blocked, id=9192, stack(0x0000000021960000,0x0000000021a60000)]
  0x000000001d212000 JavaThread "Cache worker for execution history cache (C:\Users\mehmet esen\.gradle\caches\6.5\executionHistory)" [_thread_blocked, id=7628, stack(0x0000000021260000,0x0000000021360000)]
  0x000000001d20e800 JavaThread "Cache worker for cache directory md-rule (C:\Users\mehmet esen\.gradle\caches\6.5\md-rule)" [_thread_blocked, id=5932, stack(0x0000000020f60000,0x0000000021060000)]
  0x00000000189d9000 JavaThread "Cache worker for cache directory md-supplier (C:\Users\mehmet esen\.gradle\caches\6.5\md-supplier)" [_thread_blocked, id=5380, stack(0x000000001f8a0000,0x000000001f9a0000)]
  0x00000000189d8000 JavaThread "Cache worker for checksums cache (D:\AndroidStudioProjects\DocumentScanner\.gradle\checksums)" [_thread_blocked, id=7228, stack(0x000000001f7a0000,0x000000001f8a0000)]
  0x00000000189db000 JavaThread "jar transforms Thread 25" [_thread_blocked, id=7668, stack(0x0000000020c60000,0x0000000020d60000)]
  0x00000000189d7800 JavaThread "jar transforms Thread 24" [_thread_blocked, id=10012, stack(0x0000000020b60000,0x0000000020c60000)]
  0x00000000189da800 JavaThread "jar transforms Thread 23" [_thread_blocked, id=10212, stack(0x0000000020a60000,0x0000000020b60000)]
  0x00000000189d9800 JavaThread "jar transforms Thread 22" [_thread_blocked, id=6492, stack(0x0000000020960000,0x0000000020a60000)]
  0x00000000189d6800 JavaThread "jar transforms Thread 21" [_thread_blocked, id=5512, stack(0x0000000020860000,0x0000000020960000)]
  0x00000000189d5000 JavaThread "jar transforms Thread 20" [_thread_blocked, id=5472, stack(0x0000000020760000,0x0000000020860000)]
  0x00000000189cf000 JavaThread "jar transforms Thread 19" [_thread_blocked, id=4776, stack(0x0000000020660000,0x0000000020760000)]
  0x00000000189d4800 JavaThread "jar transforms Thread 18" [_thread_blocked, id=1756, stack(0x0000000020560000,0x0000000020660000)]
  0x00000000189d6000 JavaThread "jar transforms Thread 17" [_thread_blocked, id=2300, stack(0x0000000020460000,0x0000000020560000)]
  0x00000000189d0000 JavaThread "jar transforms Thread 16" [_thread_blocked, id=10144, stack(0x0000000020360000,0x0000000020460000)]
  0x00000000189d3800 JavaThread "jar transforms Thread 15" [_thread_blocked, id=6876, stack(0x0000000020260000,0x0000000020360000)]
  0x00000000189d3000 JavaThread "jar transforms Thread 14" [_thread_blocked, id=6944, stack(0x0000000020160000,0x0000000020260000)]
  0x00000000189ce800 JavaThread "jar transforms Thread 13" [_thread_blocked, id=808, stack(0x0000000020060000,0x0000000020160000)]
  0x00000000189d2000 JavaThread "jar transforms Thread 12" [_thread_blocked, id=6348, stack(0x000000001ff60000,0x0000000020060000)]
  0x00000000189d0800 JavaThread "jar transforms Thread 11" [_thread_blocked, id=7204, stack(0x000000001fe60000,0x000000001ff60000)]
  0x00000000189cc800 JavaThread "jar transforms Thread 10" [_thread_blocked, id=7844, stack(0x000000001fd60000,0x000000001fe60000)]
  0x00000000189cd800 JavaThread "jar transforms Thread 9" [_thread_blocked, id=10468, stack(0x000000001fc60000,0x000000001fd60000)]
  0x00000000189d1800 JavaThread "jar transforms Thread 8" [_thread_blocked, id=10888, stack(0x000000001fb60000,0x000000001fc60000)]
  0x0000000019941000 JavaThread "jar transforms Thread 7" [_thread_blocked, id=3112, stack(0x000000001f6a0000,0x000000001f7a0000)]
  0x000000001993f800 JavaThread "jar transforms Thread 6" [_thread_blocked, id=10040, stack(0x000000001f5a0000,0x000000001f6a0000)]
  0x0000000019942800 JavaThread "jar transforms Thread 5" [_thread_blocked, id=10600, stack(0x000000001f4a0000,0x000000001f5a0000)]
  0x0000000019940800 JavaThread "jar transforms Thread 4" [_thread_blocked, id=1188, stack(0x000000001e120000,0x000000001e220000)]
  0x0000000019945800 JavaThread "jar transforms Thread 3" [_thread_blocked, id=6736, stack(0x000000001e020000,0x000000001e120000)]
  0x0000000019942000 JavaThread "jar transforms Thread 2" [_thread_blocked, id=11028, stack(0x000000001df20000,0x000000001e020000)]
  0x0000000019945000 JavaThread "jar transforms" [_thread_blocked, id=2548, stack(0x000000001de20000,0x000000001df20000)]
  0x0000000019946800 JavaThread "Cache worker for file hash cache (D:\AndroidStudioProjects\DocumentScanner\.gradle\6.5\fileHashes)" [_thread_blocked, id=2308, stack(0x000000001cb10000,0x000000001cc10000)]
  0x0000000019943800 JavaThread "Cache worker for file hash cache (C:\Users\mehmet esen\.gradle\caches\6.5\fileHashes)" [_thread_blocked, id=392, stack(0x000000001ca10000,0x000000001cb10000)]
  0x0000000019944000 JavaThread "File lock request listener" [_thread_in_native, id=8452, stack(0x000000001c910000,0x000000001ca10000)]
  0x0000000019581000 JavaThread "Cache worker for journal cache (C:\Users\mehmet esen\.gradle\caches\journal-1)" [_thread_blocked, id=5820, stack(0x000000001c810000,0x000000001c910000)]
  0x0000000017221000 JavaThread "Thread-9" [_thread_blocked, id=312, stack(0x000000001c510000,0x000000001c610000)]
  0x0000000019582800 JavaThread "Stdin handler" [_thread_blocked, id=5208, stack(0x000000001c410000,0x000000001c510000)]
  0x0000000017220000 JavaThread "Asynchronous log dispatcher for DefaultDaemonConnection: socket connection from /127.0.0.1:54071 to /127.0.0.1:54072" [_thread_blocked, id=2176, stack(0x000000001c310000,0x000000001c410000)]
  0x00000000195a1800 JavaThread "Daemon worker" [_thread_in_native, id=7464, stack(0x000000001c210000,0x000000001c310000)]
  0x0000000019a1a000 JavaThread "Cancel handler" [_thread_blocked, id=5436, stack(0x000000001c110000,0x000000001c210000)]
  0x00000000194eb800 JavaThread "Handler for socket connection from /127.0.0.1:54071 to /127.0.0.1:54072" [_thread_in_native, id=9372, stack(0x000000001c010000,0x000000001c110000)]
  0x00000000194eb000 JavaThread "Daemon" [_thread_blocked, id=2096, stack(0x000000001bf10000,0x000000001c010000)]
  0x00000000194e6800 JavaThread "Daemon periodic checks" [_thread_blocked, id=7156, stack(0x000000001bc10000,0x000000001bd10000)]
  0x000000001a1a0800 JavaThread "Incoming local TCP Connector on port 54071" [_thread_in_native, id=9656, stack(0x000000001b9d0000,0x000000001bad0000)]
  0x000000001a203800 JavaThread "Daemon health stats" [_thread_blocked, id=2060, stack(0x000000001b390000,0x000000001b490000)]
  0x000000001723e800 JavaThread "Service Thread" daemon [_thread_blocked, id=2088, stack(0x00000000183f0000,0x00000000184f0000)]
  0x00000000171d4000 JavaThread "C1 CompilerThread1" daemon [_thread_blocked, id=5084, stack(0x00000000182f0000,0x00000000183f0000)]
=>0x00000000171d1000 JavaThread "C2 CompilerThread0" daemon [_thread_in_native, id=5432, stack(0x00000000181f0000,0x00000000182f0000)]
  0x00000000171cf800 JavaThread "Attach Listener" daemon [_thread_blocked, id=5552, stack(0x00000000180f0000,0x00000000181f0000)]
  0x00000000171cc000 JavaThread "Signal Dispatcher" daemon [_thread_blocked, id=9480, stack(0x0000000017ff0000,0x00000000180f0000)]
  0x00000000027e7800 JavaThread "Finalizer" daemon [_thread_blocked, id=6300, stack(0x0000000017e00000,0x0000000017f00000)]
  0x00000000171b7000 JavaThread "Reference Handler" daemon [_thread_blocked, id=10288, stack(0x0000000017d00000,0x0000000017e00000)]
  0x000000000268e800 JavaThread "main" [_thread_blocked, id=496, stack(0x0000000002530000,0x0000000002630000)]

Other Threads:
  0x0000000017195800 VMThread [stack: 0x0000000017c00000,0x0000000017d00000] [id=9228]
  0x0000000017243800 WatcherThread [stack: 0x00000000184f0000,0x00000000185f0000] [id=6640]

VM state:not at safepoint (normal execution)

VM Mutex/Monitor currently owned by a thread: None

heap address: 0x0000000080000000, size: 2048 MB, Compressed Oops mode: 32-bit
Narrow klass base: 0x0000000000000000, Narrow klass shift: 3
Compressed class space size: 1073741824 Address: 0x0000000100000000

Heap:
 PSYoungGen      total 193536K, used 94440K [0x00000000d5580000, 0x00000000e2080000, 0x0000000100000000)
  eden space 182272K, 51% used [0x00000000d5580000,0x00000000db1ba088,0x00000000e0780000)
  from space 11264K, 0% used [0x00000000e1580000,0x00000000e1580000,0x00000000e2080000)
  to   space 12800K, 0% used [0x00000000e0780000,0x00000000e0780000,0x00000000e1400000)
 ParOldGen       total 49152K, used 15475K [0x0000000080000000, 0x0000000083000000, 0x00000000d5580000)
  object space 49152K, 31% used [0x0000000080000000,0x0000000080f1cfe8,0x0000000083000000)
 Metaspace       used 38146K, capacity 39810K, committed 39936K, reserved 1083392K
  class space    used 5249K, capacity 5630K, committed 5632K, reserved 1048576K

Card table byte_map: [0x0000000011bb0000,0x0000000011fc0000] byte_map_base: 0x00000000117b0000

Marking Bits: (ParMarkBitMap*) 0x0000000053f6f030
 Begin Bits: [0x0000000012470000, 0x0000000014470000)
 End Bits:   [0x0000000014470000, 0x0000000016470000)

Polling page: 0x0000000000d60000

CodeCache: size=245760Kb used=10565Kb max_used=10565Kb free=235195Kb
 bounds [0x00000000027f0000, 0x0000000003250000, 0x00000000117f0000]
 total_blobs=3695 nmethods=2984 adapters=625
 compilation: enabled

Compilation events (10 events):
Event: 24.901 Thread 0x00000000171d4000 3222       2       jdk.internal.org.objectweb.asm.MethodVisitor::visitFieldInsn (20 bytes)
Event: 24.902 Thread 0x00000000171d4000 nmethod 3222 0x0000000003243710 code [0x0000000003243880, 0x0000000003243a08]
Event: 25.045 Thread 0x00000000171d4000 3227       2       java.lang.Math::max (12 bytes)
Event: 25.046 Thread 0x00000000171d4000 nmethod 3227 0x0000000003243f10 code [0x0000000003244060, 0x0000000003244190]
Event: 25.059 Thread 0x00000000171d4000 3228       2       java.lang.Long::hashCode (8 bytes)
Event: 25.059 Thread 0x00000000171d4000 nmethod 3228 0x0000000003244210 code [0x0000000003244360, 0x00000000032444d0]
Event: 25.096 Thread 0x00000000171d4000 3229       2       com.esotericsoftware.kryo.io.Input::readString (127 bytes)
Event: 25.097 Thread 0x00000000171d4000 nmethod 3229 0x0000000003244550 code [0x0000000003244700, 0x0000000003244af8]
Event: 25.097 Thread 0x00000000171d4000 3230       2       java.util.ArrayList::toArray (12 bytes)
Event: 25.098 Thread 0x00000000171d4000 nmethod 3230 0x0000000003244d10 code [0x0000000003244e80, 0x0000000003245008]

GC Heap History (10 events):
Event: 13.552 GC heap before
{Heap before GC invocations=8 (full 0):
 PSYoungGen      total 71168K, used 11777K [0x00000000d5580000, 0x00000000de580000, 0x0000000100000000)
  eden space 64000K, 7% used [0x00000000d5580000,0x00000000d5a04ab0,0x00000000d9400000)
  from space 7168K, 99% used [0x00000000d9400000,0x00000000d9afbc58,0x00000000d9b00000)
  to   space 9728K, 0% used [0x00000000ddc00000,0x00000000ddc00000,0x00000000de580000)
 ParOldGen       total 44032K, used 7971K [0x0000000080000000, 0x0000000082b00000, 0x00000000d5580000)
  object space 44032K, 18% used [0x0000000080000000,0x00000000807c8ee8,0x0000000082b00000)
 Metaspace       used 20519K, capacity 21222K, committed 21296K, reserved 1067008K
  class space    used 2855K, capacity 3037K, committed 3072K, reserved 1048576K
Event: 13.597 GC heap after
Heap after GC invocations=8 (full 0):
 PSYoungGen      total 136704K, used 4085K [0x00000000d5580000, 0x00000000de480000, 0x0000000100000000)
  eden space 128000K, 0% used [0x00000000d5580000,0x00000000d5580000,0x00000000dd280000)
  from space 8704K, 46% used [0x00000000ddc00000,0x00000000ddffd4d8,0x00000000de480000)
  to   space 9216K, 0% used [0x00000000dd280000,0x00000000dd280000,0x00000000ddb80000)
 ParOldGen       total 44032K, used 8619K [0x0000000080000000, 0x0000000082b00000, 0x00000000d5580000)
  object space 44032K, 19% used [0x0000000080000000,0x000000008086aee8,0x0000000082b00000)
 Metaspace       used 20519K, capacity 21222K, committed 21296K, reserved 1067008K
  class space    used 2855K, capacity 3037K, committed 3072K, reserved 1048576K
}
Event: 13.598 GC heap before
{Heap before GC invocations=9 (full 1):
 PSYoungGen      total 136704K, used 4085K [0x00000000d5580000, 0x00000000de480000, 0x0000000100000000)
  eden space 128000K, 0% used [0x00000000d5580000,0x00000000d5580000,0x00000000dd280000)
  from space 8704K, 46% used [0x00000000ddc00000,0x00000000ddffd4d8,0x00000000de480000)
  to   space 9216K, 0% used [0x00000000dd280000,0x00000000dd280000,0x00000000ddb80000)
 ParOldGen       total 44032K, used 8619K [0x0000000080000000, 0x0000000082b00000, 0x00000000d5580000)
  object space 44032K, 19% used [0x0000000080000000,0x000000008086aee8,0x0000000082b00000)
 Metaspace       used 20519K, capacity 21222K, committed 21296K, reserved 1067008K
  class space    used 2855K, capacity 3037K, committed 3072K, reserved 1048576K
Event: 13.823 GC heap after
Heap after GC invocations=9 (full 1):
 PSYoungGen      total 136704K, used 0K [0x00000000d5580000, 0x00000000de480000, 0x0000000100000000)
  eden space 128000K, 0% used [0x00000000d5580000,0x00000000d5580000,0x00000000dd280000)
  from space 8704K, 0% used [0x00000000ddc00000,0x00000000ddc00000,0x00000000de480000)
  to   space 9216K, 0% used [0x00000000dd280000,0x00000000dd280000,0x00000000ddb80000)
 ParOldGen       total 32768K, used 8831K [0x0000000080000000, 0x0000000082000000, 0x00000000d5580000)
  object space 32768K, 26% used [0x0000000080000000,0x000000008089fd38,0x0000000082000000)
 Metaspace       used 20519K, capacity 21222K, committed 21296K, reserved 1067008K
  class space    used 2855K, capacity 3037K, committed 3072K, reserved 1048576K
}
Event: 19.604 GC heap before
{Heap before GC invocations=10 (full 1):
 PSYoungGen      total 136704K, used 128000K [0x00000000d5580000, 0x00000000de480000, 0x0000000100000000)
  eden space 128000K, 100% used [0x00000000d5580000,0x00000000dd280000,0x00000000dd280000)
  from space 8704K, 0% used [0x00000000ddc00000,0x00000000ddc00000,0x00000000de480000)
  to   space 9216K, 0% used [0x00000000dd280000,0x00000000dd280000,0x00000000ddb80000)
 ParOldGen       total 32768K, used 8831K [0x0000000080000000, 0x0000000082000000, 0x00000000d5580000)
  object space 32768K, 26% used [0x0000000080000000,0x000000008089fd38,0x0000000082000000)
 Metaspace       used 32357K, capacity 33478K, committed 33920K, reserved 1079296K
  class space    used 4351K, capacity 4626K, committed 4736K, reserved 1048576K
Event: 19.693 GC heap after
Heap after GC invocations=10 (full 1):
 PSYoungGen      total 137216K, used 9185K [0x00000000d5580000, 0x00000000e2180000, 0x0000000100000000)
  eden space 128000K, 0% used [0x00000000d5580000,0x00000000d5580000,0x00000000dd280000)
  from space 9216K, 99% used [0x00000000dd280000,0x00000000ddb785a0,0x00000000ddb80000)
  to   space 12288K, 0% used [0x00000000e1580000,0x00000000e1580000,0x00000000e2180000)
 ParOldGen       total 32768K, used 12588K [0x0000000080000000, 0x0000000082000000, 0x00000000d5580000)
  object space 32768K, 38% used [0x0000000080000000,0x0000000080c4b348,0x0000000082000000)
 Metaspace       used 32357K, capacity 33478K, committed 33920K, reserved 1079296K
  class space    used 4351K, capacity 4626K, committed 4736K, reserved 1048576K
}
Event: 21.389 GC heap before
{Heap before GC invocations=11 (full 1):
 PSYoungGen      total 137216K, used 54147K [0x00000000d5580000, 0x00000000e2180000, 0x0000000100000000)
  eden space 128000K, 35% used [0x00000000d5580000,0x00000000d8168750,0x00000000dd280000)
  from space 9216K, 99% used [0x00000000dd280000,0x00000000ddb785a0,0x00000000ddb80000)
  to   space 12288K, 0% used [0x00000000e1580000,0x00000000e1580000,0x00000000e2180000)
 ParOldGen       total 32768K, used 12588K [0x0000000080000000, 0x0000000082000000, 0x00000000d5580000)
  object space 32768K, 38% used [0x0000000080000000,0x0000000080c4b348,0x0000000082000000)
 Metaspace       used 34051K, capacity 35314K, committed 35456K, reserved 1079296K
  class space    used 4583K, capacity 4880K, committed 4992K, reserved 1048576K
Event: 21.432 GC heap after
Heap after GC invocations=11 (full 1):
 PSYoungGen      total 193536K, used 9100K [0x00000000d5580000, 0x00000000e2080000, 0x0000000100000000)
  eden space 182272K, 0% used [0x00000000d5580000,0x00000000d5580000,0x00000000e0780000)
  from space 11264K, 80% used [0x00000000e1580000,0x00000000e1e63250,0x00000000e2080000)
  to   space 12800K, 0% used [0x00000000e0780000,0x00000000e0780000,0x00000000e1400000)
 ParOldGen       total 32768K, used 12596K [0x0000000080000000, 0x0000000082000000, 0x00000000d5580000)
  object space 32768K, 38% used [0x0000000080000000,0x0000000080c4d348,0x0000000082000000)
 Metaspace       used 34051K, capacity 35314K, committed 35456K, reserved 1079296K
  class space    used 4583K, capacity 4880K, committed 4992K, reserved 1048576K
}
Event: 21.432 GC heap before
{Heap before GC invocations=12 (full 2):
 PSYoungGen      total 193536K, used 9100K [0x00000000d5580000, 0x00000000e2080000, 0x0000000100000000)
  eden space 182272K, 0% used [0x00000000d5580000,0x00000000d5580000,0x00000000e0780000)
  from space 11264K, 80% used [0x00000000e1580000,0x00000000e1e63250,0x00000000e2080000)
  to   space 12800K, 0% used [0x00000000e0780000,0x00000000e0780000,0x00000000e1400000)
 ParOldGen       total 32768K, used 12596K [0x0000000080000000, 0x0000000082000000, 0x00000000d5580000)
  object space 32768K, 38% used [0x0000000080000000,0x0000000080c4d348,0x0000000082000000)
 Metaspace       used 34051K, capacity 35314K, committed 35456K, reserved 1079296K
  class space    used 4583K, capacity 4880K, committed 4992K, reserved 1048576K
Event: 21.718 GC heap after
Heap after GC invocations=12 (full 2):
 PSYoungGen      total 193536K, used 0K [0x00000000d5580000, 0x00000000e2080000, 0x0000000100000000)
  eden space 182272K, 0% used [0x00000000d5580000,0x00000000d5580000,0x00000000e0780000)
  from space 11264K, 0% used [0x00000000e1580000,0x00000000e1580000,0x00000000e2080000)
  to   space 12800K, 0% used [0x00000000e0780000,0x00000000e0780000,0x00000000e1400000)
 ParOldGen       total 49152K, used 15475K [0x0000000080000000, 0x0000000083000000, 0x00000000d5580000)
  object space 49152K, 31% used [0x0000000080000000,0x0000000080f1cfe8,0x0000000083000000)
 Metaspace       used 34051K, capacity 35314K, committed 35456K, reserved 1079296K
  class space    used 4583K, capacity 4880K, committed 4992K, reserved 1048576K
}

Deoptimization events (10 events):
Event: 22.332 Thread 0x00000000195a1800 Uncommon trap: reason=range_check action=make_not_entrant pc=0x000000000311b120 method=java.lang.String.charAt(I)C @ 27
Event: 22.998 Thread 0x00000000195a1800 Uncommon trap: reason=unstable_if action=reinterpret pc=0x0000000002c9427c method=java.util.HashMap.getNode(ILjava/lang/Object;)Ljava/util/HashMap$Node; @ 53
Event: 22.998 Thread 0x00000000195a1800 Uncommon trap: reason=unstable_if action=reinterpret pc=0x0000000002bcd7f0 method=java.util.HashMap.hash(Ljava/lang/Object;)I @ 1
Event: 23.344 Thread 0x00000000195a1800 Uncommon trap: reason=unstable_if action=reinterpret pc=0x0000000002ec8340 method=org.objectweb.asm.ByteVector.putShort(I)Lorg/objectweb/asm/ByteVector; @ 13
Event: 23.349 Thread 0x00000000195a1800 Uncommon trap: reason=unstable_if action=reinterpret pc=0x00000000030cc5e4 method=java.net.URLStreamHandler.sameFile(Ljava/net/URL;Ljava/net/URL;)Z @ 63
Event: 23.357 Thread 0x00000000195a1800 Uncommon trap: reason=unstable_if action=reinterpret pc=0x00000000030d1ec0 method=java.net.URLStreamHandler.sameFile(Ljava/net/URL;Ljava/net/URL;)Z @ 63
Event: 23.903 Thread 0x00000000195a1800 Uncommon trap: reason=unstable_if action=reinterpret pc=0x00000000030d9770 method=org.gradle.internal.reflect.PropertyAccessorType.isGetGetterName(Ljava/lang/String;)Z @ 14
Event: 24.463 Thread 0x00000000195a1800 Uncommon trap: reason=unstable_if action=reinterpret pc=0x0000000002b7fedc method=java.net.URI.match(CJJ)Z @ 45
Event: 24.475 Thread 0x00000000195a1800 Uncommon trap: reason=unstable_if action=reinterpret pc=0x00000000029d4820 method=java.net.URI.match(CJJ)Z @ 45
Event: 24.521 Thread 0x00000000195a1800 Uncommon trap: reason=unstable_if action=reinterpret pc=0x00000000029ce2a0 method=java.net.URI.match(CJJ)Z @ 45

Classes redefined (0 events):
No events

Internal exceptions (10 events):
Event: 24.212 Thread 0x00000000195a1800 Exception <a 'java/lang/ClassNotFoundException': org/gradle/api/internal/artifacts/DefaultArtifactRepositoryContainerBeanInfo> (0x00000000d94353b0) thrown at [C:\src\AOSP-openjdk-git\hotspot\src\share\vm\classfile\systemDictionary.cpp, line 210]
Event: 24.214 Thread 0x00000000195a1800 Exception <a 'java/lang/ClassNotFoundException': org/gradle/api/internal/DefaultNamedDomainObjectListBeanInfo> (0x00000000d9468868) thrown at [C:\src\AOSP-openjdk-git\hotspot\src\share\vm\classfile\systemDictionary.cpp, line 210]
Event: 24.217 Thread 0x00000000195a1800 Exception <a 'java/lang/ClassNotFoundException': org/gradle/api/internal/DefaultNamedDomainObjectCollectionBeanInfo> (0x00000000d949e398) thrown at [C:\src\AOSP-openjdk-git\hotspot\src\share\vm\classfile\systemDictionary.cpp, line 210]
Event: 24.219 Thread 0x00000000195a1800 Exception <a 'java/lang/ClassNotFoundException': org/gradle/api/internal/DefaultDomainObjectCollectionBeanInfo> (0x00000000d94d27d8) thrown at [C:\src\AOSP-openjdk-git\hotspot\src\share\vm\classfile\systemDictionary.cpp, line 210]
Event: 24.220 Thread 0x00000000195a1800 Exception <a 'java/lang/ClassNotFoundException': org/gradle/api/internal/DefaultDomainObjectCollectionCustomizer> (0x00000000d95078e0) thrown at [C:\src\AOSP-openjdk-git\hotspot\src\share\vm\classfile\systemDictionary.cpp, line 210]
Event: 24.231 Thread 0x00000000195a1800 Exception <a 'java/lang/ClassNotFoundException': org/gradle/api/internal/DefaultNamedDomainObjectCollectionCustomizer> (0x00000000d9565c60) thrown at [C:\src\AOSP-openjdk-git\hotspot\src\share\vm\classfile\systemDictionary.cpp, line 210]
Event: 24.241 Thread 0x00000000195a1800 Exception <a 'java/lang/ClassNotFoundException': org/gradle/api/internal/DefaultNamedDomainObjectListCustomizer> (0x00000000d95d4bd0) thrown at [C:\src\AOSP-openjdk-git\hotspot\src\share\vm\classfile\systemDictionary.cpp, line 210]
Event: 24.247 Thread 0x00000000195a1800 Exception <a 'java/lang/ClassNotFoundException': org/gradle/api/internal/artifacts/DefaultArtifactRepositoryContainerCustomizer> (0x00000000d9649078) thrown at [C:\src\AOSP-openjdk-git\hotspot\src\share\vm\classfile\systemDictionary.cpp, line 210]
Event: 24.252 Thread 0x00000000195a1800 Exception <a 'java/lang/ClassNotFoundException': org/gradle/api/internal/artifacts/dsl/DefaultRepositoryHandlerCustomizer> (0x00000000d96ae3e0) thrown at [C:\src\AOSP-openjdk-git\hotspot\src\share\vm\classfile\systemDictionary.cpp, line 210]
Event: 24.257 Thread 0x00000000195a1800 Exception <a 'java/lang/ClassNotFoundException': org/gradle/api/internal/artifacts/dsl/DefaultRepositoryHandler_DecoratedCustomizer> (0x00000000d9732280) thrown at [C:\src\AOSP-openjdk-git\hotspot\src\share\vm\classfile\systemDictionary.cpp, line 210]

Events (10 events):
Event: 25.145 loading class org/gradle/api/internal/artifacts/ivyservice/ivyresolve/ComponentMetaDataResolveState
Event: 25.145 loading class org/gradle/api/internal/artifacts/ivyservice/ivyresolve/ComponentMetaDataResolveState done
Event: 25.147 loading class org/gradle/internal/resolve/result/BuildableModuleComponentMetaDataResolveResult
Event: 25.147 loading class org/gradle/internal/resolve/result/BuildableModuleComponentMetaDataResolveResult done
Event: 25.150 loading class org/gradle/internal/resolve/result/DefaultBuildableModuleComponentMetaDataResolveResult
Event: 25.150 loading class org/gradle/internal/resolve/result/DefaultBuildableModuleComponentMetaDataResolveResult done
Event: 25.152 loading class org/gradle/internal/resolve/result/BuildableModuleComponentMetaDataResolveResult$State
Event: 25.152 loading class org/gradle/internal/resolve/result/BuildableModuleComponentMetaDataResolveResult$State done
Event: 25.154 loading class org/gradle/api/artifacts/component/ModuleComponentIdentifier
Event: 25.154 loading class org/gradle/api/artifacts/component/ModuleComponentIdentifier done


Dynamic libraries:
0x00007ff65c1a0000 - 0x00007ff65c1d1000 	C:\Program Files\Android\Android Studio\jre\bin\java.exe
0x00007ffc57100000 - 0x00007ffc572f0000 	C:\WINDOWS\SYSTEM32\ntdll.dll
0x00007ffc55e60000 - 0x00007ffc55f12000 	C:\WINDOWS\System32\KERNEL32.DLL
0x00007ffc54420000 - 0x00007ffc546c5000 	C:\WINDOWS\System32\KERNELBASE.dll
0x00007ffc56770000 - 0x00007ffc56813000 	C:\WINDOWS\System32\ADVAPI32.dll
0x00007ffc57010000 - 0x00007ffc570ae000 	C:\WINDOWS\System32\msvcrt.dll
0x00007ffc55f20000 - 0x00007ffc55fb7000 	C:\WINDOWS\System32\sechost.dll
0x00007ffc56650000 - 0x00007ffc5676f000 	C:\WINDOWS\System32\RPCRT4.dll
0x00007ffc56040000 - 0x00007ffc561d4000 	C:\WINDOWS\System32\USER32.dll
0x00007ffc55080000 - 0x00007ffc550a1000 	C:\WINDOWS\System32\win32u.dll
0x00007ffc56820000 - 0x00007ffc56846000 	C:\WINDOWS\System32\GDI32.dll
0x00007ffc54730000 - 0x00007ffc548c8000 	C:\WINDOWS\System32\gdi32full.dll
0x00007ffc541d0000 - 0x00007ffc5426e000 	C:\WINDOWS\System32\msvcp_win.dll
0x00007ffc550b0000 - 0x00007ffc551aa000 	C:\WINDOWS\System32\ucrtbase.dll
0x00007ffc41430000 - 0x00007ffc416b4000 	C:\WINDOWS\WinSxS\amd64_microsoft.windows.common-controls_6595b64144ccf1df_6.0.18362.1556_none_9e7e372fe45e41d5\COMCTL32.dll
0x00007ffc56850000 - 0x00007ffc56b86000 	C:\WINDOWS\System32\combase.dll
0x00007ffc54120000 - 0x00007ffc541a1000 	C:\WINDOWS\System32\bcryptPrimitives.dll
0x00007ffc56c20000 - 0x00007ffc56c4e000 	C:\WINDOWS\System32\IMM32.DLL
0x00000000535e0000 - 0x00000000536b2000 	C:\Program Files\Android\Android Studio\jre\jre\bin\msvcr100.dll
0x00000000537a0000 - 0x0000000053feb000 	C:\Program Files\Android\Android Studio\jre\jre\bin\server\jvm.dll
0x00007ffc56b90000 - 0x00007ffc56b98000 	C:\WINDOWS\System32\PSAPI.DLL
0x00007ffc37ab0000 - 0x00007ffc37ab9000 	C:\WINDOWS\SYSTEM32\WSOCK32.dll
0x00007ffc50700000 - 0x00007ffc50724000 	C:\WINDOWS\SYSTEM32\WINMM.dll
0x00007ffc565e0000 - 0x00007ffc5664f000 	C:\WINDOWS\System32\WS2_32.dll
0x00007ffc47c90000 - 0x00007ffc47c9a000 	C:\WINDOWS\SYSTEM32\VERSION.dll
0x00007ffc506d0000 - 0x00007ffc506fd000 	C:\WINDOWS\SYSTEM32\WINMMBASE.dll
0x00007ffc54270000 - 0x00007ffc542ba000 	C:\WINDOWS\System32\cfgmgr32.dll
0x00007ffc50290000 - 0x00007ffc5029f000 	C:\Program Files\Android\Android Studio\jre\jre\bin\verify.dll
0x00007ffc4e360000 - 0x00007ffc4e389000 	C:\Program Files\Android\Android Studio\jre\jre\bin\java.dll
0x00007ffc3fcf0000 - 0x00007ffc3fd06000 	C:\Program Files\Android\Android Studio\jre\jre\bin\zip.dll
0x00007ffc55700000 - 0x00007ffc55de7000 	C:\WINDOWS\System32\SHELL32.dll
0x00007ffc56290000 - 0x00007ffc56338000 	C:\WINDOWS\System32\shcore.dll
0x00007ffc54900000 - 0x00007ffc5507b000 	C:\WINDOWS\System32\windows.storage.dll
0x00007ffc54030000 - 0x00007ffc5404e000 	C:\WINDOWS\System32\profapi.dll
0x00007ffc53fe0000 - 0x00007ffc5402a000 	C:\WINDOWS\System32\powrprof.dll
0x00007ffc53fb0000 - 0x00007ffc53fc0000 	C:\WINDOWS\System32\UMPDC.dll
0x00007ffc56410000 - 0x00007ffc56462000 	C:\WINDOWS\System32\shlwapi.dll
0x00007ffc54050000 - 0x00007ffc54061000 	C:\WINDOWS\System32\kernel.appcore.dll
0x00007ffc541b0000 - 0x00007ffc541c7000 	C:\WINDOWS\System32\cryptsp.dll
0x00007ffc3e040000 - 0x00007ffc3e05a000 	C:\Program Files\Android\Android Studio\jre\jre\bin\net.dll
0x00007ffc53790000 - 0x00007ffc537f7000 	C:\WINDOWS\system32\mswsock.dll
0x00007ffc3dd30000 - 0x00007ffc3dd43000 	C:\Program Files\Android\Android Studio\jre\jre\bin\nio.dll
0x00007ffc38c10000 - 0x00007ffc38c37000 	C:\Users\mehmet esen\.gradle\native\f6784746aeab05261644944871eae4fe03e0ef1612fff0a4a95f87b438bc6780\windows-amd64\native-platform.dll
0x00007ffc4e760000 - 0x00007ffc4e76d000 	C:\Program Files\Android\Android Studio\jre\jre\bin\management.dll
0x00007ffc53310000 - 0x00007ffc53343000 	C:\WINDOWS\system32\rsaenh.dll
0x00007ffc548d0000 - 0x00007ffc548f6000 	C:\WINDOWS\System32\bcrypt.dll
0x00007ffc53ed0000 - 0x00007ffc53ef5000 	C:\WINDOWS\SYSTEM32\USERENV.dll
0x00007ffc53960000 - 0x00007ffc5396c000 	C:\WINDOWS\SYSTEM32\CRYPTBASE.dll
0x00007ffc534a0000 - 0x00007ffc534da000 	C:\WINDOWS\SYSTEM32\IPHLPAPI.DLL
0x00007ffc570b0000 - 0x00007ffc570b8000 	C:\WINDOWS\System32\NSI.dll
0x00007ffc528a0000 - 0x00007ffc528b6000 	C:\WINDOWS\SYSTEM32\dhcpcsvc6.DLL
0x00007ffc52880000 - 0x00007ffc5289c000 	C:\WINDOWS\SYSTEM32\dhcpcsvc.DLL
0x00007ffc534e0000 - 0x00007ffc535ab000 	C:\WINDOWS\SYSTEM32\DNSAPI.dll
0x00007ffc51f60000 - 0x00007ffc51f6b000 	C:\WINDOWS\SYSTEM32\WINNSI.DLL

VM Arguments:
jvm_args: -Xmx2048m -Dfile.encoding=UTF-8 -Duser.country=TR -Duser.language=tr -Duser.variant 
java_command: org.gradle.launcher.daemon.bootstrap.GradleDaemon 6.5
java_class_path (initial): C:\Users\mehmet esen\.gradle\wrapper\dists\gradle-6.5-bin\6nifqtx7604sqp1q6g8wikw7p\gradle-6.5\lib\gradle-launcher-6.5.jar
Launcher Type: SUN_STANDARD

Environment Variables:
PATH=C:\Program Files\Common Files\Oracle\Java\javapath;C:\Program Files (x86)\Intel\TXE Components\TCS\;C:\Program Files\Intel\TXE Components\TCS\;C:\WINDOWS\system32;C:\WINDOWS;C:\WINDOWS\System32\Wbem;C:\WINDOWS\System32\WindowsPowerShell\v1.0\;C:\Program Files\Intel\TXE Components\DAL\;C:\Program Files (x86)\Intel\TXE Components\DAL\;C:\Program Files\Intel\TXE Components\IPT\;C:\Program Files (x86)\Intel\TXE Components\IPT\;C:\WINDOWS\System32\OpenSSH\;C:\Program Files\Intel\WiFi\bin\;C:\Program Files\Common Files\Intel\WirelessCommon\;C:\Program Files\Azure Data Studio\bin;C:\Program Files\Amazon\AWSCLIV2\;C:\Program Files\Java\jdk-15.0.2\bin;C:\Program Files (x86)\bin;D:\git\Git\cmd;C:\Users\mehmet esen\AppData\Local\Microsoft\WindowsApps;C:\Program Files\Azure Data Studio\bin;C:\Users\mehmet esen\AppData\Local\Programs\Python\Python39
USERNAME=mehmet esen
OS=Windows_NT
PROCESSOR_IDENTIFIER=Intel64 Family 6 Model 76 Stepping 4, GenuineIntel



---------------  S Y S T E M  ---------------

OS: Windows 10.0 , 64 bit Build 18362 (10.0.18362.1500)

CPU:total 2 (initial active 2) (2 cores per cpu, 1 threads per core) family 6 model 76 stepping 4, cmov, cx8, fxsr, mmx, sse, sse2, sse3, ssse3, sse4.1, sse4.2, popcnt, aes, clmul, erms, 3dnowpref, tsc, tscinvbit

Memory: 4k page, physical 4097616k(552740k free), swap 5409176k(5772k free)

vm_info: OpenJDK 64-Bit Server VM (25.242-b01) for windows-amd64 JRE (1.8.0_242-release-1644-b01), built by "builder" with MS VC++ 10.0 (VS2010)

time: Sat Nov 20 13:31:20 2021
timezone: Türkiye Standart Saati
elapsed time: 25 seconds (0d 0h 0m 25s)

