#
# There is insufficient memory for the Java Runtime Environment to continue.
# Native memory allocation (malloc) failed to allocate 1635856 bytes for Chunk::new
# Possible reasons:
#   The system is out of physical RAM or swap space
#   The process is running with CompressedOops enabled, and the Java Heap may be blocking the growth of the native heap
# Possible solutions:
#   Reduce memory load on the system
#   Increase physical memory or swap space
#   Check if swap backing store is full
#   Decrease Java heap size (-Xmx/-Xms)
#   Decrease number of Java threads
#   Decrease Java thread stack sizes (-Xss)
#   Set larger code cache with -XX:ReservedCodeCacheSize=
#   JVM is running with Unscaled Compressed Oops mode in which the Java heap is
#     placed in the first 4GB address space. The Java Heap base address is the
#     maximum limit for the native heap growth. Please use -XX:HeapBaseMinAddress
#     to set the Java Heap base and to place the Java Heap above 4GB virtual address.
# This output file may be truncated or incomplete.
#
#  Out of Memory Error (allocation.cpp:389), pid=744, tid=0x0000000000000860
#
# JRE version: OpenJDK Runtime Environment (8.0_242-b01) (build 1.8.0_242-release-1644-b01)
# Java VM: OpenJDK 64-Bit Server VM (25.242-b01 mixed mode windows-amd64 compressed oops)
# Failed to write core dump. Minidumps are not enabled by default on client versions of Windows
#

---------------  T H R E A D  ---------------

Current thread (0x00000000172f3800):  JavaThread "C2 CompilerThread0" daemon [_thread_in_native, id=2144, stack(0x0000000018250000,0x0000000018350000)]

Stack: [0x0000000018250000,0x0000000018350000]
[error occurred during error reporting (printing stack bounds), id 0xc0000005]

Native frames: (J=compiled Java code, j=interpreted, Vv=VM code, C=native code)


Current CompileTask:
C2: 120622 16828 %     4       com.android.tools.r8.ir.regalloc.a::a @ 2115 (3993 bytes)


---------------  P R O C E S S  ---------------

Java Threads: ( => current thread )
  0x0000000018c99000 JavaThread "Cache worker for Java compile cache (D:\AndroidStudioProjects\DocumentScanner\.gradle\6.5\javaCompile)" [_thread_blocked, id=7920, stack(0x000000001e140000,0x000000001e240000)]
  0x0000000018c99800 JavaThread "Cache worker for Java compile cache (C:\Users\mehmet esen\.gradle\caches\6.5\javaCompile)" [_thread_blocked, id=8936, stack(0x000000001e040000,0x000000001e140000)]
  0x000000001b1b8800 JavaThread "stdout" [_thread_in_native, id=6888, stack(0x0000000029660000,0x0000000029760000)]
  0x000000001b1b4000 JavaThread "stderr" [_thread_in_native, id=2720, stack(0x0000000029560000,0x0000000029660000)]
  0x000000001b1b5800 JavaThread "stdout" [_thread_in_native, id=8932, stack(0x000000001c470000,0x000000001c570000)]
  0x000000001b1b0000 JavaThread "stderr" [_thread_in_native, id=9336, stack(0x0000000000d70000,0x0000000000e70000)]
  0x000000001b1b8000 JavaThread "pool-2-thread-1" [_thread_blocked, id=7728, stack(0x0000000000b70000,0x0000000000c70000)]
  0x000000001b1b7000 JavaThread "WorkerExecutor Queue Thread 2" [_thread_blocked, id=9164, stack(0x0000000029060000,0x0000000029160000)]
  0x000000001985a000 JavaThread "WorkerExecutor Queue" [_thread_blocked, id=4676, stack(0x0000000028f60000,0x0000000029060000)]
  0x0000000019859000 JavaThread "Cache worker for execution history cache (D:\AndroidStudioProjects\DocumentScanner\.gradle\6.5\executionHistory)" [_thread_blocked, id=6504, stack(0x0000000028c60000,0x0000000028d60000)]
  0x0000000019854000 JavaThread "Execution worker for ':'" [_thread_in_vm, id=3700, stack(0x00000000267e0000,0x00000000268e0000)]
  0x0000000019856000 JavaThread "Cache worker for file content cache (D:\AndroidStudioProjects\DocumentScanner\.gradle\6.5\fileContent)" [_thread_blocked, id=4660, stack(0x0000000026080000,0x0000000026180000)]
  0x0000000019855800 JavaThread "Memory manager" [_thread_blocked, id=712, stack(0x0000000000c70000,0x0000000000d70000)]
  0x000000001984b800 JavaThread "Cache worker for Build Output Cleanup Cache (D:\AndroidStudioProjects\DocumentScanner\.gradle\buildOutputCleanup)" [_thread_blocked, id=10004, stack(0x0000000026990000,0x0000000026a90000)]
  0x0000000018c93800 JavaThread "Build operations Thread 2" [_thread_blocked, id=3656, stack(0x000000001fa60000,0x000000001fb60000)]
  0x0000000018c8c000 JavaThread "Build operations" [_thread_blocked, id=5720, stack(0x000000001f340000,0x000000001f440000)]
  0x0000000018c91800 JavaThread "Cache worker for file content cache (C:\Users\mehmet esen\.gradle\caches\6.5\fileContent)" [_thread_blocked, id=2784, stack(0x000000001f240000,0x000000001f340000)]
  0x0000000018c8e800 JavaThread "Cache worker for execution history cache (C:\Users\mehmet esen\.gradle\caches\6.5\executionHistory)" [_thread_blocked, id=1284, stack(0x000000001ed40000,0x000000001ee40000)]
  0x0000000018c8d800 JavaThread "Cache worker for cache directory md-rule (C:\Users\mehmet esen\.gradle\caches\6.5\md-rule)" [_thread_blocked, id=2688, stack(0x000000001ea40000,0x000000001eb40000)]
  0x0000000018c90000 JavaThread "Cache worker for cache directory md-supplier (C:\Users\mehmet esen\.gradle\caches\6.5\md-supplier)" [_thread_blocked, id=1444, stack(0x000000001e940000,0x000000001ea40000)]
  0x000000001877d000 JavaThread "Cache worker for checksums cache (D:\AndroidStudioProjects\DocumentScanner\.gradle\checksums)" [_thread_blocked, id=9156, stack(0x000000001e840000,0x000000001e940000)]
  0x000000001877e000 JavaThread "Cache worker for file hash cache (D:\AndroidStudioProjects\DocumentScanner\.gradle\6.5\fileHashes)" [_thread_blocked, id=6524, stack(0x000000001df40000,0x000000001e040000)]
  0x0000000018780000 JavaThread "Cache worker for file hash cache (C:\Users\mehmet esen\.gradle\caches\6.5\fileHashes)" [_thread_blocked, id=772, stack(0x000000001ca70000,0x000000001cb70000)]
  0x000000001877a000 JavaThread "File lock request listener" [_thread_in_native, id=1100, stack(0x000000001c970000,0x000000001ca70000)]
  0x00000000190c9800 JavaThread "Cache worker for journal cache (C:\Users\mehmet esen\.gradle\caches\journal-1)" [_thread_blocked, id=5228, stack(0x000000001c870000,0x000000001c970000)]
  0x0000000019195000 JavaThread "Thread-9" [_thread_blocked, id=8112, stack(0x000000001c570000,0x000000001c670000)]
  0x0000000019182000 JavaThread "Asynchronous log dispatcher for DefaultDaemonConnection: socket connection from /127.0.0.1:54630 to /127.0.0.1:54631" [_thread_blocked, id=1364, stack(0x000000001c370000,0x000000001c470000)]
  0x0000000019296800 JavaThread "Daemon worker" [_thread_blocked, id=2528, stack(0x000000001c270000,0x000000001c370000)]
  0x0000000019295000 JavaThread "Cancel handler" [_thread_blocked, id=8976, stack(0x000000001c170000,0x000000001c270000)]
  0x0000000019280000 JavaThread "Handler for socket connection from /127.0.0.1:54630 to /127.0.0.1:54631" [_thread_in_native, id=5524, stack(0x000000001c070000,0x000000001c170000)]
  0x000000001995e800 JavaThread "Daemon" [_thread_blocked, id=7580, stack(0x000000001bf70000,0x000000001c070000)]
  0x000000001995b800 JavaThread "Daemon periodic checks" [_thread_blocked, id=4772, stack(0x000000001bc70000,0x000000001bd70000)]
  0x000000001873f000 JavaThread "Incoming local TCP Connector on port 54630" [_thread_in_native, id=8672, stack(0x000000001ba30000,0x000000001bb30000)]
  0x0000000019eb8000 JavaThread "Daemon health stats" [_thread_blocked, id=9528, stack(0x000000001b3f0000,0x000000001b4f0000)]
  0x0000000017366800 JavaThread "Service Thread" daemon [_thread_blocked, id=9876, stack(0x0000000018450000,0x0000000018550000)]
  0x00000000172f7000 JavaThread "C1 CompilerThread1" daemon [_thread_blocked, id=8260, stack(0x0000000018350000,0x0000000018450000)]
=>0x00000000172f3800 JavaThread "C2 CompilerThread0" daemon [_thread_in_native, id=2144, stack(0x0000000018250000,0x0000000018350000)]
  0x00000000172f2000 JavaThread "Attach Listener" daemon [_thread_blocked, id=292, stack(0x0000000018150000,0x0000000018250000)]
  0x00000000172ed000 JavaThread "Signal Dispatcher" daemon [_thread_blocked, id=4284, stack(0x0000000018050000,0x0000000018150000)]
  0x0000000002907800 JavaThread "Finalizer" daemon [_thread_blocked, id=4124, stack(0x0000000017f30000,0x0000000018030000)]
  0x00000000172d7000 JavaThread "Reference Handler" daemon [_thread_blocked, id=7368, stack(0x0000000017e30000,0x0000000017f30000)]
  0x0000000000a1e800 JavaThread "main" [_thread_blocked, id=9580, stack(0x0000000002610000,0x0000000002710000)]

Other Threads:
  0x00000000172b5800 VMThread [stack: 0x0000000017d30000,0x0000000017e30000] [id=2164]
  0x000000001736a800 WatcherThread [stack: 0x0000000018550000,0x0000000018650000] [id=6648]

VM state:synchronizing (normal execution)

VM Mutex/Monitor currently owned by a thread:  ([mutex/lock_event])
[0x0000000000a1dc80] Threads_lock - owner thread: 0x00000000172b5800

OutOfMemory and StackOverflow Exception counts:
OutOfMemoryError java_heap_errors=5

heap address: 0x0000000080000000, size: 2048 MB, Compressed Oops mode: 32-bit
Narrow klass base: 0x0000000000000000, Narrow klass shift: 3
Compressed class space size: 1073741824 Address: 0x0000000100000000

Heap:
 PSYoungGen      total 323584K, used 143583K [0x00000000d5580000, 0x00000000eb480000, 0x0000000100000000)
  eden space 287744K, 41% used [0x00000000d5580000,0x00000000dcac0ec8,0x00000000e6e80000)
  from space 35840K, 65% used [0x00000000e6e80000,0x00000000e8576f88,0x00000000e9180000)
  to   space 35328K, 0% used [0x00000000e9200000,0x00000000e9200000,0x00000000eb480000)
 ParOldGen       total 152064K, used 66056K [0x0000000080000000, 0x0000000089480000, 0x00000000d5580000)
  object space 152064K, 43% used [0x0000000080000000,0x0000000084082308,0x0000000089480000)
 Metaspace       used 92972K, capacity 97560K, committed 97688K, reserved 1134592K
  class space    used 12255K, capacity 13128K, committed 13224K, reserved 1048576K

Card table byte_map: [0x0000000011cd0000,0x00000000120e0000] byte_map_base: 0x00000000118d0000

Marking Bits: (ParMarkBitMap*) 0x000000005e70f030
 Begin Bits: [0x0000000012590000, 0x0000000014590000)
 End Bits:   [0x0000000014590000, 0x0000000016590000)

Polling page: 0x00000000005e0000

CodeCache: size=245760Kb used=46574Kb max_used=46574Kb free=199185Kb
 bounds [0x0000000002910000, 0x00000000056c0000, 0x0000000011910000]
 total_blobs=15433 nmethods=14553 adapters=791
 compilation: enabled

Compilation events (10 events):
Event: 120.484 Thread 0x00000000172f7000 17285       2       org.gradle.internal.execution.steps.CaptureStateBeforeExecutionStep::lambda$fingerprintInputFiles$3 (49 bytes)
Event: 120.486 Thread 0x00000000172f7000 nmethod 17285 0x00000000056aa110 code [0x00000000056aa2e0, 0x00000000056aa818]
Event: 120.489 Thread 0x00000000172f7000 17286       2       javax.management.ObjectName::construct (1228 bytes)
Event: 120.498 Thread 0x00000000172f7000 nmethod 17286 0x00000000056aaed0 code [0x00000000056ab4a0, 0x00000000056ae848]
Event: 120.527 Thread 0x00000000172f7000 17287       2       org.gradle.internal.operations.DefaultBuildOperationExecutor$3::start (66 bytes)
Event: 120.529 Thread 0x00000000172f7000 nmethod 17287 0x00000000056b27d0 code [0x00000000056b2980, 0x00000000056b2df8]
Event: 120.531 Thread 0x00000000172f7000 17288       2       org.gradle.internal.operations.DefaultBuildOperationExecutor$3::stop (148 bytes)
Event: 120.533 Thread 0x00000000172f7000 nmethod 17288 0x00000000056b3290 code [0x00000000056b3480, 0x00000000056b3a98]
Event: 120.533 Thread 0x00000000172f7000 17289       2       org.gradle.internal.operations.DefaultBuildOperationExecutor$3::close (37 bytes)
Event: 120.535 Thread 0x00000000172f7000 nmethod 17289 0x00000000056b40d0 code [0x00000000056b42a0, 0x00000000056b46e8]

GC Heap History (10 events):
Event: 65.139 GC heap before
{Heap before GC invocations=17 (full 3):
 PSYoungGen      total 238592K, used 238479K [0x00000000d5580000, 0x00000000e8700000, 0x0000000100000000)
  eden space 216064K, 99% used [0x00000000d5580000,0x00000000e286ab20,0x00000000e2880000)
  from space 22528K, 99% used [0x00000000e2880000,0x00000000e3e79240,0x00000000e3e80000)
  to   space 27136K, 0% used [0x00000000e6c80000,0x00000000e6c80000,0x00000000e8700000)
 ParOldGen       total 92672K, used 40916K [0x0000000080000000, 0x0000000085a80000, 0x00000000d5580000)
  object space 92672K, 44% used [0x0000000080000000,0x00000000827f50c8,0x0000000085a80000)
 Metaspace       used 67714K, capacity 71070K, committed 71320K, reserved 1110016K
  class space    used 9133K, capacity 9828K, committed 9896K, reserved 1048576K
Event: 65.337 GC heap after
Heap after GC invocations=17 (full 3):
 PSYoungGen      total 272896K, used 27132K [0x00000000d5580000, 0x00000000e9e00000, 0x0000000100000000)
  eden space 245760K, 0% used [0x00000000d5580000,0x00000000d5580000,0x00000000e4580000)
  from space 27136K, 99% used [0x00000000e6c80000,0x00000000e86ff300,0x00000000e8700000)
  to   space 39936K, 0% used [0x00000000e4580000,0x00000000e4580000,0x00000000e6c80000)
 ParOldGen       total 92672K, used 62768K [0x0000000080000000, 0x0000000085a80000, 0x00000000d5580000)
  object space 92672K, 67% used [0x0000000080000000,0x0000000083d4c2f0,0x0000000085a80000)
 Metaspace       used 67714K, capacity 71070K, committed 71320K, reserved 1110016K
  class space    used 9133K, capacity 9828K, committed 9896K, reserved 1048576K
}
Event: 89.096 GC heap before
{Heap before GC invocations=18 (full 3):
 PSYoungGen      total 272896K, used 272892K [0x00000000d5580000, 0x00000000e9e00000, 0x0000000100000000)
  eden space 245760K, 100% used [0x00000000d5580000,0x00000000e4580000,0x00000000e4580000)
  from space 27136K, 99% used [0x00000000e6c80000,0x00000000e86ff300,0x00000000e8700000)
  to   space 39936K, 0% used [0x00000000e4580000,0x00000000e4580000,0x00000000e6c80000)
 ParOldGen       total 92672K, used 62768K [0x0000000080000000, 0x0000000085a80000, 0x00000000d5580000)
  object space 92672K, 67% used [0x0000000080000000,0x0000000083d4c2f0,0x0000000085a80000)
 Metaspace       used 75396K, capacity 78954K, committed 79128K, reserved 1118208K
  class space    used 10051K, capacity 10774K, committed 10792K, reserved 1048576K
Event: 89.256 GC heap after
Heap after GC invocations=18 (full 3):
 PSYoungGen      total 285696K, used 15193K [0x00000000d5580000, 0x00000000eb700000, 0x0000000100000000)
  eden space 245760K, 0% used [0x00000000d5580000,0x00000000d5580000,0x00000000e4580000)
  from space 39936K, 38% used [0x00000000e4580000,0x00000000e5456610,0x00000000e6c80000)
  to   space 37888K, 0% used [0x00000000e9200000,0x00000000e9200000,0x00000000eb700000)
 ParOldGen       total 92672K, used 86180K [0x0000000080000000, 0x0000000085a80000, 0x00000000d5580000)
  object space 92672K, 92% used [0x0000000080000000,0x00000000854290f8,0x0000000085a80000)
 Metaspace       used 75396K, capacity 78954K, committed 79128K, reserved 1118208K
  class space    used 10051K, capacity 10774K, committed 10792K, reserved 1048576K
}
Event: 89.256 GC heap before
{Heap before GC invocations=19 (full 4):
 PSYoungGen      total 285696K, used 15193K [0x00000000d5580000, 0x00000000eb700000, 0x0000000100000000)
  eden space 245760K, 0% used [0x00000000d5580000,0x00000000d5580000,0x00000000e4580000)
  from space 39936K, 38% used [0x00000000e4580000,0x00000000e5456610,0x00000000e6c80000)
  to   space 37888K, 0% used [0x00000000e9200000,0x00000000e9200000,0x00000000eb700000)
 ParOldGen       total 92672K, used 86180K [0x0000000080000000, 0x0000000085a80000, 0x00000000d5580000)
  object space 92672K, 92% used [0x0000000080000000,0x00000000854290f8,0x0000000085a80000)
 Metaspace       used 75396K, capacity 78954K, committed 79128K, reserved 1118208K
  class space    used 10051K, capacity 10774K, committed 10792K, reserved 1048576K
Event: 89.832 GC heap after
Heap after GC invocations=19 (full 4):
 PSYoungGen      total 285696K, used 0K [0x00000000d5580000, 0x00000000eb700000, 0x0000000100000000)
  eden space 245760K, 0% used [0x00000000d5580000,0x00000000d5580000,0x00000000e4580000)
  from space 39936K, 0% used [0x00000000e4580000,0x00000000e4580000,0x00000000e6c80000)
  to   space 37888K, 0% used [0x00000000e9200000,0x00000000e9200000,0x00000000eb700000)
 ParOldGen       total 152064K, used 66040K [0x0000000080000000, 0x0000000089480000, 0x00000000d5580000)
  object space 152064K, 43% used [0x0000000080000000,0x000000008407e308,0x0000000089480000)
 Metaspace       used 75393K, capacity 78942K, committed 79128K, reserved 1118208K
  class space    used 10050K, capacity 10772K, committed 10792K, reserved 1048576K
}
Event: 99.700 GC heap before
{Heap before GC invocations=20 (full 4):
 PSYoungGen      total 285696K, used 245760K [0x00000000d5580000, 0x00000000eb700000, 0x0000000100000000)
  eden space 245760K, 100% used [0x00000000d5580000,0x00000000e4580000,0x00000000e4580000)
  from space 39936K, 0% used [0x00000000e4580000,0x00000000e4580000,0x00000000e6c80000)
  to   space 37888K, 0% used [0x00000000e9200000,0x00000000e9200000,0x00000000eb700000)
 ParOldGen       total 152064K, used 66040K [0x0000000080000000, 0x0000000089480000, 0x00000000d5580000)
  object space 152064K, 43% used [0x0000000080000000,0x000000008407e308,0x0000000089480000)
 Metaspace       used 81082K, capacity 84736K, committed 84888K, reserved 1122304K
  class space    used 10729K, capacity 11418K, committed 11432K, reserved 1048576K
Event: 99.783 GC heap after
Heap after GC invocations=20 (full 4):
 PSYoungGen      total 323072K, used 16167K [0x00000000d5580000, 0x00000000eb480000, 0x0000000100000000)
  eden space 287744K, 0% used [0x00000000d5580000,0x00000000d5580000,0x00000000e6e80000)
  from space 35328K, 45% used [0x00000000e9200000,0x00000000ea1c9c48,0x00000000eb480000)
  to   space 35840K, 0% used [0x00000000e6e80000,0x00000000e6e80000,0x00000000e9180000)
 ParOldGen       total 152064K, used 66048K [0x0000000080000000, 0x0000000089480000, 0x00000000d5580000)
  object space 152064K, 43% used [0x0000000080000000,0x0000000084080308,0x0000000089480000)
 Metaspace       used 81082K, capacity 84736K, committed 84888K, reserved 1122304K
  class space    used 10729K, capacity 11418K, committed 11432K, reserved 1048576K
}
Event: 115.877 GC heap before
{Heap before GC invocations=21 (full 4):
 PSYoungGen      total 323072K, used 303911K [0x00000000d5580000, 0x00000000eb480000, 0x0000000100000000)
  eden space 287744K, 100% used [0x00000000d5580000,0x00000000e6e80000,0x00000000e6e80000)
  from space 35328K, 45% used [0x00000000e9200000,0x00000000ea1c9c48,0x00000000eb480000)
  to   space 35840K, 0% used [0x00000000e6e80000,0x00000000e6e80000,0x00000000e9180000)
 ParOldGen       total 152064K, used 66048K [0x0000000080000000, 0x0000000089480000, 0x00000000d5580000)
  object space 152064K, 43% used [0x0000000080000000,0x0000000084080308,0x0000000089480000)
 Metaspace       used 92676K, capacity 97288K, committed 97432K, reserved 1134592K
  class space    used 12238K, capacity 13116K, committed 13224K, reserved 1048576K
Event: 115.950 GC heap after
Heap after GC invocations=21 (full 4):
 PSYoungGen      total 323584K, used 23515K [0x00000000d5580000, 0x00000000eb480000, 0x0000000100000000)
  eden space 287744K, 0% used [0x00000000d5580000,0x00000000d5580000,0x00000000e6e80000)
  from space 35840K, 65% used [0x00000000e6e80000,0x00000000e8576f88,0x00000000e9180000)
  to   space 35328K, 0% used [0x00000000e9200000,0x00000000e9200000,0x00000000eb480000)
 ParOldGen       total 152064K, used 66056K [0x0000000080000000, 0x0000000089480000, 0x00000000d5580000)
  object space 152064K, 43% used [0x0000000080000000,0x0000000084082308,0x0000000089480000)
 Metaspace       used 92676K, capacity 97288K, committed 97432K, reserved 1134592K
  class space    used 12238K, capacity 13116K, committed 13224K, reserved 1048576K
}

Deoptimization events (10 events):
Event: 119.295 Thread 0x0000000019296800 Uncommon trap: reason=class_check action=maybe_recompile pc=0x00000000055d1140 method=com.android.tools.r8.ir.conversion.o.a(Lcom/android/tools/r8/ir/conversion/N;IZ)V @ 635
Event: 119.442 Thread 0x0000000019296800 Uncommon trap: reason=class_check action=maybe_recompile pc=0x000000000562af5c method=com.android.tools.r8.graph.W.a(Lcom/android/tools/r8/naming/I;Lcom/android/tools/r8/graph/K0;Lcom/android/tools/r8/graph/K0;)I @ 3
Event: 119.442 Thread 0x0000000019296800 Uncommon trap: reason=class_check action=maybe_recompile pc=0x000000000562af5c method=com.android.tools.r8.graph.W.a(Lcom/android/tools/r8/naming/I;Lcom/android/tools/r8/graph/K0;Lcom/android/tools/r8/graph/K0;)I @ 3
Event: 119.442 Thread 0x0000000019296800 Uncommon trap: reason=class_check action=maybe_recompile pc=0x000000000562af5c method=com.android.tools.r8.graph.W.a(Lcom/android/tools/r8/naming/I;Lcom/android/tools/r8/graph/K0;Lcom/android/tools/r8/graph/K0;)I @ 3
Event: 119.443 Thread 0x0000000019296800 Uncommon trap: reason=class_check action=maybe_recompile pc=0x000000000562af5c method=com.android.tools.r8.graph.W.a(Lcom/android/tools/r8/naming/I;Lcom/android/tools/r8/graph/K0;Lcom/android/tools/r8/graph/K0;)I @ 3
Event: 119.835 Thread 0x0000000019296800 Uncommon trap: reason=unstable_if action=reinterpret pc=0x00000000055d003c method=com.android.tools.r8.ir.conversion.o.d(I)Lcom/android/tools/r8/u/b/S0; @ 102
Event: 119.856 Thread 0x0000000019296800 Uncommon trap: reason=class_check action=maybe_recompile pc=0x00000000055e9168 method=com.android.tools.r8.u.a.i.e.b(Lcom/android/tools/r8/u/b/h0;)V @ 226
Event: 119.856 Thread 0x0000000019296800 Uncommon trap: reason=class_check action=maybe_recompile pc=0x00000000055e9168 method=com.android.tools.r8.u.a.i.e.b(Lcom/android/tools/r8/u/b/h0;)V @ 226
Event: 120.258 Thread 0x0000000019296800 Uncommon trap: reason=bimorphic action=maybe_recompile pc=0x0000000004de1e2c method=com.android.tools.r8.u.b.o1.a(Lcom/android/tools/r8/ir/analysis/type/u;)Lcom/android/tools/r8/u/b/o1; @ 23
Event: 120.348 Thread 0x0000000019296800 Uncommon trap: reason=unstable_if action=reinterpret pc=0x0000000003dcf9dc method=com.android.tools.r8.graph.e0.c(Lcom/android/tools/r8/graph/e0;)I @ 141

Classes redefined (0 events):
No events

Internal exceptions (10 events):
Event: 118.961 Thread 0x0000000019296800 Exception <a 'java/lang/OutOfMemoryError'> (0x00000000d963ebf8) thrown at [C:\src\AOSP-openjdk-git\hotspot\src\share\vm\prims\jni.cpp, line 737]
Event: 118.998 Thread 0x0000000019296800 Exception <a 'sun/nio/fs/WindowsException'> (0x00000000d9669c18) thrown at [C:\src\AOSP-openjdk-git\hotspot\src\share\vm\prims\jni.cpp, line 710]
Event: 119.073 Thread 0x0000000019296800 Exception <a 'sun/nio/fs/WindowsException'> (0x00000000d97a2458) thrown at [C:\src\AOSP-openjdk-git\hotspot\src\share\vm\prims\jni.cpp, line 710]
Event: 119.495 Thread 0x0000000019296800 Exception <a 'sun/nio/fs/WindowsException'> (0x00000000da2cc180) thrown at [C:\src\AOSP-openjdk-git\hotspot\src\share\vm\prims\jni.cpp, line 710]
Event: 119.613 Thread 0x0000000019296800 Exception <a 'sun/nio/fs/WindowsException'> (0x00000000da3096e8) thrown at [C:\src\AOSP-openjdk-git\hotspot\src\share\vm\prims\jni.cpp, line 710]
Event: 119.794 Thread 0x0000000019854000 Exception <a 'sun/nio/fs/WindowsException'> (0x00000000da525a30) thrown at [C:\src\AOSP-openjdk-git\hotspot\src\share\vm\prims\jni.cpp, line 710]
Event: 119.808 Thread 0x0000000019296800 Exception <a 'sun/nio/fs/WindowsException'> (0x00000000da7379d0) thrown at [C:\src\AOSP-openjdk-git\hotspot\src\share\vm\prims\jni.cpp, line 710]
Event: 120.382 Thread 0x0000000019296800 Exception <a 'sun/nio/fs/WindowsException'> (0x00000000dbc63f18) thrown at [C:\src\AOSP-openjdk-git\hotspot\src\share\vm\prims\jni.cpp, line 710]
Event: 120.465 Thread 0x0000000019296800 Exception <a 'sun/nio/fs/WindowsException'> (0x00000000dbc9af20) thrown at [C:\src\AOSP-openjdk-git\hotspot\src\share\vm\prims\jni.cpp, line 710]
Event: 120.526 Thread 0x0000000019296800 Exception <a 'java/lang/OutOfMemoryError'> (0x00000000dbd2fe10) thrown at [C:\src\AOSP-openjdk-git\hotspot\src\share\vm\prims\jni.cpp, line 737]

Events (10 events):
Event: 120.044 Thread 0x0000000019296800 DEOPT PACKING pc=0x00000000051f1cae sp=0x000000001c3677b0
Event: 120.044 Thread 0x0000000019296800 DEOPT UNPACKING pc=0x00000000029571d0 sp=0x000000001c367650 mode 0
Event: 120.258 Thread 0x0000000019296800 Uncommon trap: trap_request=0xffffffc6 fr.pc=0x0000000004de1e2c
Event: 120.258 Thread 0x0000000019296800 DEOPT PACKING pc=0x0000000004de1e2c sp=0x000000001c366d90
Event: 120.258 Thread 0x0000000019296800 DEOPT UNPACKING pc=0x000000000295557b sp=0x000000001c366c88 mode 2
Event: 120.311 Thread 0x0000000019296800 DEOPT PACKING pc=0x00000000052e25ba sp=0x000000001c367340
Event: 120.311 Thread 0x0000000019296800 DEOPT UNPACKING pc=0x00000000029571d0 sp=0x000000001c3670d8 mode 0
Event: 120.348 Thread 0x0000000019296800 Uncommon trap: trap_request=0xffffff65 fr.pc=0x0000000003dcf9dc
Event: 120.349 Thread 0x0000000019296800 DEOPT PACKING pc=0x0000000003dcf9dc sp=0x000000001c367cc0
Event: 120.349 Thread 0x0000000019296800 DEOPT UNPACKING pc=0x000000000295557b sp=0x000000001c367c60 mode 2


Dynamic libraries:
0x00007ff6db070000 - 0x00007ff6db0a1000 	C:\Program Files\Android\Android Studio\jre\bin\java.exe
0x00007ffb18280000 - 0x00007ffb18470000 	C:\WINDOWS\SYSTEM32\ntdll.dll
0x00007ffb17da0000 - 0x00007ffb17e52000 	C:\WINDOWS\System32\KERNEL32.DLL
0x00007ffb159a0000 - 0x00007ffb15c45000 	C:\WINDOWS\System32\KERNELBASE.dll
0x00007ffb17a90000 - 0x00007ffb17b33000 	C:\WINDOWS\System32\ADVAPI32.dll
0x00007ffb17d00000 - 0x00007ffb17d9e000 	C:\WINDOWS\System32\msvcrt.dll
0x00007ffb17300000 - 0x00007ffb17397000 	C:\WINDOWS\System32\sechost.dll
0x00007ffb16940000 - 0x00007ffb16a5f000 	C:\WINDOWS\System32\RPCRT4.dll
0x00007ffb17160000 - 0x00007ffb172f4000 	C:\WINDOWS\System32\USER32.dll
0x00007ffb15970000 - 0x00007ffb15991000 	C:\WINDOWS\System32\win32u.dll
0x00007ffb17cd0000 - 0x00007ffb17cf6000 	C:\WINDOWS\System32\GDI32.dll
0x00007ffb15fc0000 - 0x00007ffb16158000 	C:\WINDOWS\System32\gdi32full.dll
0x00007ffb15f20000 - 0x00007ffb15fbe000 	C:\WINDOWS\System32\msvcp_win.dll
0x00007ffb15c50000 - 0x00007ffb15d4a000 	C:\WINDOWS\System32\ucrtbase.dll
0x00007ffb06760000 - 0x00007ffb069e4000 	C:\WINDOWS\WinSxS\amd64_microsoft.windows.common-controls_6595b64144ccf1df_6.0.18362.1556_none_9e7e372fe45e41d5\COMCTL32.dll
0x00007ffb16d50000 - 0x00007ffb17086000 	C:\WINDOWS\System32\combase.dll
0x00007ffb16210000 - 0x00007ffb16291000 	C:\WINDOWS\System32\bcryptPrimitives.dll
0x00007ffb16910000 - 0x00007ffb1693e000 	C:\WINDOWS\System32\IMM32.DLL
0x000000005de60000 - 0x000000005df32000 	C:\Program Files\Android\Android Studio\jre\jre\bin\msvcr100.dll
0x000000005df40000 - 0x000000005e78b000 	C:\Program Files\Android\Android Studio\jre\jre\bin\server\jvm.dll
0x00007ffb167c0000 - 0x00007ffb167c8000 	C:\WINDOWS\System32\PSAPI.DLL
0x00007ffb03340000 - 0x00007ffb03349000 	C:\WINDOWS\SYSTEM32\WSOCK32.dll
0x00007ffb11880000 - 0x00007ffb118a4000 	C:\WINDOWS\SYSTEM32\WINMM.dll
0x00007ffb17090000 - 0x00007ffb170ff000 	C:\WINDOWS\System32\WS2_32.dll
0x00007ffb06a80000 - 0x00007ffb06a8a000 	C:\WINDOWS\SYSTEM32\VERSION.dll
0x00007ffb11850000 - 0x00007ffb1187d000 	C:\WINDOWS\SYSTEM32\WINMMBASE.dll
0x00007ffb15ed0000 - 0x00007ffb15f1a000 	C:\WINDOWS\System32\cfgmgr32.dll
0x00007ffb0eca0000 - 0x00007ffb0ecaf000 	C:\Program Files\Android\Android Studio\jre\jre\bin\verify.dll
0x00007ffaf35b0000 - 0x00007ffaf35d9000 	C:\Program Files\Android\Android Studio\jre\jre\bin\java.dll
0x00007ffb008c0000 - 0x00007ffb008d6000 	C:\Program Files\Android\Android Studio\jre\jre\bin\zip.dll
0x00007ffb173a0000 - 0x00007ffb17a87000 	C:\WINDOWS\System32\SHELL32.dll
0x00007ffb17c10000 - 0x00007ffb17cb8000 	C:\WINDOWS\System32\shcore.dll
0x00007ffb151f0000 - 0x00007ffb1596b000 	C:\WINDOWS\System32\windows.storage.dll
0x00007ffb15160000 - 0x00007ffb1517e000 	C:\WINDOWS\System32\profapi.dll
0x00007ffb151a0000 - 0x00007ffb151ea000 	C:\WINDOWS\System32\powrprof.dll
0x00007ffb15130000 - 0x00007ffb15140000 	C:\WINDOWS\System32\UMPDC.dll
0x00007ffb17100000 - 0x00007ffb17152000 	C:\WINDOWS\System32\shlwapi.dll
0x00007ffb15180000 - 0x00007ffb15191000 	C:\WINDOWS\System32\kernel.appcore.dll
0x00007ffb15eb0000 - 0x00007ffb15ec7000 	C:\WINDOWS\System32\cryptsp.dll
0x00007ffb001d0000 - 0x00007ffb001ea000 	C:\Program Files\Android\Android Studio\jre\jre\bin\net.dll
0x00007ffb14910000 - 0x00007ffb14977000 	C:\WINDOWS\system32\mswsock.dll
0x00007ffafff80000 - 0x00007ffafff93000 	C:\Program Files\Android\Android Studio\jre\jre\bin\nio.dll
0x00007ffb0e8b0000 - 0x00007ffb0e8d7000 	C:\Users\mehmet esen\.gradle\native\f6784746aeab05261644944871eae4fe03e0ef1612fff0a4a95f87b438bc6780\windows-amd64\native-platform.dll
0x00007ffb009e0000 - 0x00007ffb009ed000 	C:\Program Files\Android\Android Studio\jre\jre\bin\management.dll
0x00007ffb14490000 - 0x00007ffb144c3000 	C:\WINDOWS\system32\rsaenh.dll
0x00007ffb16300000 - 0x00007ffb16326000 	C:\WINDOWS\System32\bcrypt.dll
0x00007ffb15050000 - 0x00007ffb15075000 	C:\WINDOWS\SYSTEM32\USERENV.dll
0x00007ffb14ae0000 - 0x00007ffb14aec000 	C:\WINDOWS\SYSTEM32\CRYPTBASE.dll
0x00007ffb14620000 - 0x00007ffb1465a000 	C:\WINDOWS\SYSTEM32\IPHLPAPI.DLL
0x00007ffb16b10000 - 0x00007ffb16b18000 	C:\WINDOWS\System32\NSI.dll
0x00007ffb13a20000 - 0x00007ffb13a36000 	C:\WINDOWS\SYSTEM32\dhcpcsvc6.DLL
0x00007ffb13a00000 - 0x00007ffb13a1c000 	C:\WINDOWS\SYSTEM32\dhcpcsvc.DLL
0x00007ffb14660000 - 0x00007ffb1472b000 	C:\WINDOWS\SYSTEM32\DNSAPI.dll
0x00007ffb130e0000 - 0x00007ffb130eb000 	C:\WINDOWS\SYSTEM32\WINNSI.DLL

VM Arguments:
jvm_args: -Xmx2048m -Dfile.encoding=UTF-8 -Duser.country=TR -Duser.language=tr -Duser.variant 
java_command: org.gradle.launcher.daemon.bootstrap.GradleDaemon 6.5
java_class_path (initial): C:\Users\mehmet esen\.gradle\wrapper\dists\gradle-6.5-bin\6nifqtx7604sqp1q6g8wikw7p\gradle-6.5\lib\gradle-launcher-6.5.jar
Launcher Type: SUN_STANDARD

Environment Variables:
PATH=C:\Program Files\Common Files\Oracle\Java\javapath;C:\Program Files (x86)\Intel\TXE Components\TCS\;C:\Program Files\Intel\TXE Components\TCS\;C:\WINDOWS\system32;C:\WINDOWS;C:\WINDOWS\System32\Wbem;C:\WINDOWS\System32\WindowsPowerShell\v1.0\;C:\Program Files\Intel\TXE Components\DAL\;C:\Program Files (x86)\Intel\TXE Components\DAL\;C:\Program Files\Intel\TXE Components\IPT\;C:\Program Files (x86)\Intel\TXE Components\IPT\;C:\WINDOWS\System32\OpenSSH\;C:\Program Files\Intel\WiFi\bin\;C:\Program Files\Common Files\Intel\WirelessCommon\;C:\Program Files\Azure Data Studio\bin;C:\Program Files\Amazon\AWSCLIV2\;C:\Program Files\Java\jdk-15.0.2\bin;C:\Program Files (x86)\bin;D:\git\Git\cmd;C:\Users\mehmet esen\AppData\Local\Microsoft\WindowsApps;C:\Program Files\Azure Data Studio\bin;C:\Users\mehmet esen\AppData\Local\Programs\Python\Python39
USERNAME=mehmet esen
OS=Windows_NT
PROCESSOR_IDENTIFIER=Intel64 Family 6 Model 76 Stepping 4, GenuineIntel



---------------  S Y S T E M  ---------------

OS: Windows 10.0 , 64 bit Build 18362 (10.0.18362.1500)

CPU:total 2 (initial active 2) (2 cores per cpu, 1 threads per core) family 6 model 76 stepping 4, cmov, cx8, fxsr, mmx, sse, sse2, sse3, ssse3, sse4.1, sse4.2, popcnt, aes, clmul, erms, 3dnowpref, tsc, tscinvbit

Memory: 4k page, physical 4097616k(282108k free), swap 5034240k(6572k free)

vm_info: OpenJDK 64-Bit Server VM (25.242-b01) for windows-amd64 JRE (1.8.0_242-release-1644-b01), built by "builder" with MS VC++ 10.0 (VS2010)

time: Sat Nov 20 15:55:16 2021
timezone: Türkiye Standart Saati
elapsed time: 120 seconds (0d 0h 2m 0s)

