#
# There is insufficient memory for the Java Runtime Environment to continue.
# Native memory allocation (malloc) failed to allocate 1519216 bytes for Chunk::new
# Possible reasons:
#   The system is out of physical RAM or swap space
#   The process is running with CompressedOops enabled, and the Java Heap may be blocking the growth of the native heap
# Possible solutions:
#   Reduce memory load on the system
#   Increase physical memory or swap space
#   Check if swap backing store is full
#   Decrease Java heap size (-Xmx/-Xms)
#   Decrease number of Java threads
#   Decrease Java thread stack sizes (-Xss)
#   Set larger code cache with -XX:ReservedCodeCacheSize=
#   JVM is running with Unscaled Compressed Oops mode in which the Java heap is
#     placed in the first 4GB address space. The Java Heap base address is the
#     maximum limit for the native heap growth. Please use -XX:HeapBaseMinAddress
#     to set the Java Heap base and to place the Java Heap above 4GB virtual address.
# This output file may be truncated or incomplete.
#
#  Out of Memory Error (allocation.cpp:389), pid=1028, tid=0x0000000000000070
#
# JRE version: OpenJDK Runtime Environment (8.0_242-b01) (build 1.8.0_242-release-1644-b01)
# Java VM: OpenJDK 64-Bit Server VM (25.242-b01 mixed mode windows-amd64 compressed oops)
# Failed to write core dump. Minidumps are not enabled by default on client versions of Windows
#

---------------  T H R E A D  ---------------

Current thread (0x00000000178e2000):  JavaThread "C2 CompilerThread0" daemon [_thread_in_native, id=112, stack(0x0000000018900000,0x0000000018a00000)]

Stack: [0x0000000018900000,0x0000000018a00000]
[error occurred during error reporting (printing stack bounds), id 0xc0000005]

Native frames: (J=compiled Java code, j=interpreted, Vv=VM code, C=native code)


Current CompileTask:
C2:  30625 3233       4       groovy.lang.MetaClassImpl$1MOPIter::methodNameAction (325 bytes)


---------------  P R O C E S S  ---------------

Java Threads: ( => current thread )
  0x000000001c39b000 JavaThread "Build operations Thread 2" [_thread_blocked, id=1060, stack(0x0000000022810000,0x0000000022910000)]
  0x000000001c3a2000 JavaThread "Build operations" [_thread_in_Java, id=1276, stack(0x0000000022710000,0x0000000022810000)]
  0x000000001c3a1000 JavaThread "Cache worker for Build Output Cleanup Cache (D:\AndroidStudioProjects\DocumentScanner\.gradle\buildOutputCleanup)" [_thread_blocked, id=2588, stack(0x0000000022410000,0x0000000022510000)]
  0x000000001c39c800 JavaThread "Cache worker for file content cache (C:\Users\mehmet esen\.gradle\caches\6.5\fileContent)" [_thread_blocked, id=2788, stack(0x0000000021f10000,0x0000000022010000)]
  0x000000001c39e000 JavaThread "Cache worker for execution history cache (C:\Users\mehmet esen\.gradle\caches\6.5\executionHistory)" [_thread_blocked, id=1460, stack(0x0000000021810000,0x0000000021910000)]
  0x00000000190d7800 JavaThread "Cache worker for cache directory md-rule (C:\Users\mehmet esen\.gradle\caches\6.5\md-rule)" [_thread_blocked, id=2336, stack(0x0000000020540000,0x0000000020640000)]
  0x00000000190d6800 JavaThread "Cache worker for cache directory md-supplier (C:\Users\mehmet esen\.gradle\caches\6.5\md-supplier)" [_thread_blocked, id=6680, stack(0x0000000020440000,0x0000000020540000)]
  0x00000000190d6000 JavaThread "Cache worker for checksums cache (D:\AndroidStudioProjects\DocumentScanner\.gradle\checksums)" [_thread_blocked, id=6292, stack(0x0000000020340000,0x0000000020440000)]
  0x00000000190ce000 JavaThread "jar transforms Thread 25" [_thread_blocked, id=2208, stack(0x000000001ff40000,0x0000000020040000)]
  0x00000000190d5000 JavaThread "jar transforms Thread 24" [_thread_blocked, id=6812, stack(0x000000001fe40000,0x000000001ff40000)]
  0x00000000190cd800 JavaThread "jar transforms Thread 23" [_thread_blocked, id=10212, stack(0x000000001fd40000,0x000000001fe40000)]
  0x00000000190cf000 JavaThread "jar transforms Thread 22" [_thread_blocked, id=3220, stack(0x000000001fc40000,0x000000001fd40000)]
  0x00000000190d1800 JavaThread "jar transforms Thread 21" [_thread_blocked, id=5412, stack(0x000000001fb40000,0x000000001fc40000)]
  0x00000000190d3800 JavaThread "jar transforms Thread 20" [_thread_blocked, id=10504, stack(0x000000001fa40000,0x000000001fb40000)]
  0x00000000190cf800 JavaThread "jar transforms Thread 19" [_thread_blocked, id=2412, stack(0x000000001f940000,0x000000001fa40000)]
  0x00000000190d2000 JavaThread "jar transforms Thread 18" [_thread_blocked, id=10916, stack(0x000000001f840000,0x000000001f940000)]
  0x00000000190d4800 JavaThread "jar transforms Thread 17" [_thread_blocked, id=4292, stack(0x000000001f740000,0x000000001f840000)]
  0x00000000190cc000 JavaThread "jar transforms Thread 16" [_thread_blocked, id=7844, stack(0x000000001f640000,0x000000001f740000)]
  0x00000000190d0800 JavaThread "jar transforms Thread 15" [_thread_blocked, id=3188, stack(0x000000001f540000,0x000000001f640000)]
  0x00000000190d3000 JavaThread "jar transforms Thread 14" [_thread_blocked, id=5264, stack(0x000000001f440000,0x000000001f540000)]
  0x00000000190c9000 JavaThread "jar transforms Thread 13" [_thread_blocked, id=2632, stack(0x000000001f340000,0x000000001f440000)]
  0x00000000190cc800 JavaThread "jar transforms Thread 12" [_thread_blocked, id=8924, stack(0x000000001f240000,0x000000001f340000)]
  0x00000000190cb000 JavaThread "jar transforms Thread 11" [_thread_blocked, id=11136, stack(0x000000001f140000,0x000000001f240000)]
  0x00000000190c9800 JavaThread "jar transforms Thread 10" [_thread_blocked, id=10620, stack(0x000000001f040000,0x000000001f140000)]
  0x00000000190ca800 JavaThread "jar transforms Thread 9" [_thread_blocked, id=1740, stack(0x000000001ef40000,0x000000001f040000)]
  0x00000000190c8000 JavaThread "jar transforms Thread 8" [_thread_blocked, id=1704, stack(0x000000001ee40000,0x000000001ef40000)]
  0x000000001a704000 JavaThread "jar transforms Thread 7" [_thread_blocked, id=6236, stack(0x000000001ed40000,0x000000001ee40000)]
  0x000000001a703800 JavaThread "jar transforms Thread 6" [_thread_blocked, id=9976, stack(0x000000001ec40000,0x000000001ed40000)]
  0x000000001a70a000 JavaThread "jar transforms Thread 5" [_thread_blocked, id=11156, stack(0x000000001eb40000,0x000000001ec40000)]
  0x000000001a708000 JavaThread "jar transforms Thread 4" [_thread_blocked, id=7244, stack(0x000000001ea40000,0x000000001eb40000)]
  0x000000001a707000 JavaThread "jar transforms Thread 3" [_thread_blocked, id=7744, stack(0x000000001e940000,0x000000001ea40000)]
  0x000000001a706800 JavaThread "jar transforms Thread 2" [_thread_blocked, id=4056, stack(0x000000001e840000,0x000000001e940000)]
  0x000000001a705800 JavaThread "jar transforms" [_thread_blocked, id=7480, stack(0x000000001e740000,0x000000001e840000)]
  0x000000001a705000 JavaThread "Cache worker for file hash cache (D:\AndroidStudioProjects\DocumentScanner\.gradle\6.5\fileHashes)" [_thread_blocked, id=9244, stack(0x000000001d220000,0x000000001d320000)]
  0x000000001a708800 JavaThread "Cache worker for file hash cache (C:\Users\mehmet esen\.gradle\caches\6.5\fileHashes)" [_thread_blocked, id=8892, stack(0x000000001d120000,0x000000001d220000)]
  0x000000001a709800 JavaThread "File lock request listener" [_thread_in_native, id=808, stack(0x000000001d020000,0x000000001d120000)]
  0x0000000019532000 JavaThread "Cache worker for journal cache (C:\Users\mehmet esen\.gradle\caches\journal-1)" [_thread_blocked, id=5444, stack(0x000000001bf50000,0x000000001c050000)]
  0x0000000018f62800 JavaThread "Thread-9" [_thread_blocked, id=6396, stack(0x000000001bc50000,0x000000001bd50000)]
  0x0000000018f44800 JavaThread "Stdin handler" [_thread_blocked, id=7888, stack(0x000000001bb50000,0x000000001bc50000)]
  0x000000001a15f000 JavaThread "Asynchronous log dispatcher for DefaultDaemonConnection: socket connection from /127.0.0.1:58300 to /127.0.0.1:58301" [_thread_blocked, id=1212, stack(0x000000001ba50000,0x000000001bb50000)]
  0x0000000019c30000 JavaThread "Daemon worker" [_thread_blocked, id=10532, stack(0x000000001b950000,0x000000001ba50000)]
  0x0000000019c2f800 JavaThread "Cancel handler" [_thread_blocked, id=11080, stack(0x000000001b850000,0x000000001b950000)]
  0x000000001a0bb800 JavaThread "Handler for socket connection from /127.0.0.1:58300 to /127.0.0.1:58301" [_thread_in_native, id=3252, stack(0x000000001b750000,0x000000001b850000)]
  0x000000001a0b8000 JavaThread "Daemon" [_thread_blocked, id=6316, stack(0x000000001b650000,0x000000001b750000)]
  0x0000000017973000 JavaThread "Daemon periodic checks" [_thread_blocked, id=10332, stack(0x000000001b350000,0x000000001b450000)]
  0x000000001796e000 JavaThread "Incoming local TCP Connector on port 58300" [_thread_in_native, id=7024, stack(0x000000001b110000,0x000000001b210000)]
  0x0000000019e61000 JavaThread "Daemon health stats" [_thread_blocked, id=8720, stack(0x000000001aad0000,0x000000001abd0000)]
  0x000000001793c000 JavaThread "Service Thread" daemon [_thread_blocked, id=1908, stack(0x0000000018b00000,0x0000000018c00000)]
  0x0000000017936000 JavaThread "C1 CompilerThread1" daemon [_thread_in_vm, id=7720, stack(0x0000000018a00000,0x0000000018b00000)]
=>0x00000000178e2000 JavaThread "C2 CompilerThread0" daemon [_thread_in_native, id=112, stack(0x0000000018900000,0x0000000018a00000)]
  0x00000000178e0800 JavaThread "Attach Listener" daemon [_thread_blocked, id=1416, stack(0x0000000018800000,0x0000000018900000)]
  0x00000000178dd000 JavaThread "Signal Dispatcher" daemon [_thread_blocked, id=9856, stack(0x0000000018700000,0x0000000018800000)]
  0x0000000002ef7800 JavaThread "Finalizer" daemon [_thread_blocked, id=3312, stack(0x0000000018510000,0x0000000018610000)]
  0x00000000178c7000 JavaThread "Reference Handler" daemon [_thread_blocked, id=10944, stack(0x0000000018410000,0x0000000018510000)]
  0x0000000002bfe800 JavaThread "main" [_thread_blocked, id=8412, stack(0x0000000002c00000,0x0000000002d00000)]

Other Threads:
  0x00000000178a5800 VMThread [stack: 0x0000000018310000,0x0000000018410000] [id=10268]
  0x000000001793f000 WatcherThread [stack: 0x0000000018c00000,0x0000000018d00000] [id=1272]

VM state:not at safepoint (normal execution)

VM Mutex/Monitor currently owned by a thread: None

heap address: 0x0000000080000000, size: 2048 MB, Compressed Oops mode: 32-bit
Narrow klass base: 0x0000000000000000, Narrow klass shift: 3
Compressed class space size: 1073741824 Address: 0x0000000100000000

Heap:
 PSYoungGen      total 202752K, used 107747K [0x00000000d5580000, 0x00000000e2880000, 0x0000000100000000)
  eden space 190464K, 56% used [0x00000000d5580000,0x00000000dbeb8ef8,0x00000000e0f80000)
  from space 12288K, 0% used [0x00000000e1c80000,0x00000000e1c80000,0x00000000e2880000)
  to   space 12800K, 0% used [0x00000000e0f80000,0x00000000e0f80000,0x00000000e1c00000)
 ParOldGen       total 32256K, used 15246K [0x0000000080000000, 0x0000000081f80000, 0x00000000d5580000)
  object space 32256K, 47% used [0x0000000080000000,0x0000000080ee3a70,0x0000000081f80000)
 Metaspace       used 38800K, capacity 40646K, committed 40832K, reserved 1085440K
  class space    used 5314K, capacity 5698K, committed 5760K, reserved 1048576K

Card table byte_map: [0x00000000122c0000,0x00000000126d0000] byte_map_base: 0x0000000011ec0000

Marking Bits: (ParMarkBitMap*) 0x00000000608af030
 Begin Bits: [0x0000000012b80000, 0x0000000014b80000)
 End Bits:   [0x0000000014b80000, 0x0000000016b80000)

Polling page: 0x0000000001080000

CodeCache: size=245760Kb used=12922Kb max_used=12922Kb free=232837Kb
 bounds [0x0000000002f00000, 0x0000000003bb0000, 0x0000000011f00000]
 total_blobs=4321 nmethods=3608 adapters=627
 compilation: enabled

Compilation events (10 events):
Event: 30.592 Thread 0x0000000017936000 nmethod 3850 0x0000000003ba0010 code [0x0000000003ba0160, 0x0000000003ba02b0]
Event: 30.592 Thread 0x0000000017936000 3851       2       com.google.common.cache.LocalCache$NullEntry::setPreviousInAccessQueue (1 bytes)
Event: 30.592 Thread 0x0000000017936000 nmethod 3851 0x0000000003ba0350 code [0x0000000003ba04a0, 0x0000000003ba05f0]
Event: 30.595 Thread 0x0000000017936000 3852       2       org.gradle.cache.internal.filelock.DefaultLockStateSerializer$SequenceNumberLockState::<init> (21 bytes)
Event: 30.595 Thread 0x0000000017936000 nmethod 3852 0x0000000003ba0690 code [0x0000000003ba07e0, 0x0000000003ba0930]
Event: 30.598 Thread 0x0000000017936000 3853       1       org.gradle.internal.logging.events.ProgressStartEvent::isBuildOperationStart (5 bytes)
Event: 30.598 Thread 0x0000000017936000 nmethod 3853 0x0000000003ba09d0 code [0x0000000003ba0b20, 0x0000000003ba0c30]
Event: 30.600 Thread 0x0000000017936000 3854       2       java.util.concurrent.locks.AbstractQueuedSynchronizer::unparkSuccessor (84 bytes)
Event: 30.601 Thread 0x0000000017936000 nmethod 3854 0x0000000003ba0c90 code [0x0000000003ba0e00, 0x0000000003ba1068]
Event: 30.602 Thread 0x0000000017936000 3855       2       org.gradle.internal.logging.sink.OutputEventTransformer::onOutput (399 bytes)

GC Heap History (10 events):
Event: 16.489 GC heap before
{Heap before GC invocations=8 (full 0):
 PSYoungGen      total 71168K, used 11815K [0x00000000d5580000, 0x00000000de680000, 0x0000000100000000)
  eden space 64512K, 8% used [0x00000000d5580000,0x00000000d5a8d068,0x00000000d9480000)
  from space 6656K, 99% used [0x00000000d9480000,0x00000000d9afcba8,0x00000000d9b00000)
  to   space 9728K, 0% used [0x00000000ddd00000,0x00000000ddd00000,0x00000000de680000)
 ParOldGen       total 44032K, used 8613K [0x0000000080000000, 0x0000000082b00000, 0x00000000d5580000)
  object space 44032K, 19% used [0x0000000080000000,0x0000000080869428,0x0000000082b00000)
 Metaspace       used 20525K, capacity 21230K, committed 21296K, reserved 1067008K
  class space    used 2854K, capacity 3039K, committed 3072K, reserved 1048576K
Event: 16.510 GC heap after
Heap after GC invocations=8 (full 0):
 PSYoungGen      total 137728K, used 4080K [0x00000000d5580000, 0x00000000de580000, 0x0000000100000000)
  eden space 129024K, 0% used [0x00000000d5580000,0x00000000d5580000,0x00000000dd380000)
  from space 8704K, 46% used [0x00000000ddd00000,0x00000000de0fc040,0x00000000de580000)
  to   space 9216K, 0% used [0x00000000dd380000,0x00000000dd380000,0x00000000ddc80000)
 ParOldGen       total 44032K, used 9181K [0x0000000080000000, 0x0000000082b00000, 0x00000000d5580000)
  object space 44032K, 20% used [0x0000000080000000,0x00000000808f7428,0x0000000082b00000)
 Metaspace       used 20525K, capacity 21230K, committed 21296K, reserved 1067008K
  class space    used 2854K, capacity 3039K, committed 3072K, reserved 1048576K
}
Event: 16.510 GC heap before
{Heap before GC invocations=9 (full 1):
 PSYoungGen      total 137728K, used 4080K [0x00000000d5580000, 0x00000000de580000, 0x0000000100000000)
  eden space 129024K, 0% used [0x00000000d5580000,0x00000000d5580000,0x00000000dd380000)
  from space 8704K, 46% used [0x00000000ddd00000,0x00000000de0fc040,0x00000000de580000)
  to   space 9216K, 0% used [0x00000000dd380000,0x00000000dd380000,0x00000000ddc80000)
 ParOldGen       total 44032K, used 9181K [0x0000000080000000, 0x0000000082b00000, 0x00000000d5580000)
  object space 44032K, 20% used [0x0000000080000000,0x00000000808f7428,0x0000000082b00000)
 Metaspace       used 20525K, capacity 21230K, committed 21296K, reserved 1067008K
  class space    used 2854K, capacity 3039K, committed 3072K, reserved 1048576K
Event: 16.643 GC heap after
Heap after GC invocations=9 (full 1):
 PSYoungGen      total 137728K, used 0K [0x00000000d5580000, 0x00000000de580000, 0x0000000100000000)
  eden space 129024K, 0% used [0x00000000d5580000,0x00000000d5580000,0x00000000dd380000)
  from space 8704K, 0% used [0x00000000ddd00000,0x00000000ddd00000,0x00000000de580000)
  to   space 9216K, 0% used [0x00000000dd380000,0x00000000dd380000,0x00000000ddc80000)
 ParOldGen       total 32256K, used 8812K [0x0000000080000000, 0x0000000081f80000, 0x00000000d5580000)
  object space 32256K, 27% used [0x0000000080000000,0x000000008089b070,0x0000000081f80000)
 Metaspace       used 20525K, capacity 21230K, committed 21296K, reserved 1067008K
  class space    used 2854K, capacity 3039K, committed 3072K, reserved 1048576K
}
Event: 22.685 GC heap before
{Heap before GC invocations=10 (full 1):
 PSYoungGen      total 137728K, used 129024K [0x00000000d5580000, 0x00000000de580000, 0x0000000100000000)
  eden space 129024K, 100% used [0x00000000d5580000,0x00000000dd380000,0x00000000dd380000)
  from space 8704K, 0% used [0x00000000ddd00000,0x00000000ddd00000,0x00000000de580000)
  to   space 9216K, 0% used [0x00000000dd380000,0x00000000dd380000,0x00000000ddc80000)
 ParOldGen       total 32256K, used 8812K [0x0000000080000000, 0x0000000081f80000, 0x00000000d5580000)
  object space 32256K, 27% used [0x0000000080000000,0x000000008089b070,0x0000000081f80000)
 Metaspace       used 32469K, capacity 33574K, committed 33920K, reserved 1079296K
  class space    used 4369K, capacity 4658K, committed 4736K, reserved 1048576K
Event: 22.776 GC heap after
Heap after GC invocations=10 (full 1):
 PSYoungGen      total 138240K, used 9188K [0x00000000d5580000, 0x00000000e2880000, 0x0000000100000000)
  eden space 129024K, 0% used [0x00000000d5580000,0x00000000d5580000,0x00000000dd380000)
  from space 9216K, 99% used [0x00000000dd380000,0x00000000ddc790e8,0x00000000ddc80000)
  to   space 12288K, 0% used [0x00000000e1c80000,0x00000000e1c80000,0x00000000e2880000)
 ParOldGen       total 32256K, used 12617K [0x0000000080000000, 0x0000000081f80000, 0x00000000d5580000)
  object space 32256K, 39% used [0x0000000080000000,0x0000000080c525b8,0x0000000081f80000)
 Metaspace       used 32469K, capacity 33574K, committed 33920K, reserved 1079296K
  class space    used 4369K, capacity 4658K, committed 4736K, reserved 1048576K
}
Event: 24.616 GC heap before
{Heap before GC invocations=11 (full 1):
 PSYoungGen      total 138240K, used 49557K [0x00000000d5580000, 0x00000000e2880000, 0x0000000100000000)
  eden space 129024K, 31% used [0x00000000d5580000,0x00000000d7cec648,0x00000000dd380000)
  from space 9216K, 99% used [0x00000000dd380000,0x00000000ddc790e8,0x00000000ddc80000)
  to   space 12288K, 0% used [0x00000000e1c80000,0x00000000e1c80000,0x00000000e2880000)
 ParOldGen       total 32256K, used 12617K [0x0000000080000000, 0x0000000081f80000, 0x00000000d5580000)
  object space 32256K, 39% used [0x0000000080000000,0x0000000080c525b8,0x0000000081f80000)
 Metaspace       used 34062K, capacity 35320K, committed 35456K, reserved 1079296K
  class space    used 4583K, capacity 4882K, committed 4992K, reserved 1048576K
Event: 24.657 GC heap after
Heap after GC invocations=11 (full 1):
 PSYoungGen      total 202752K, used 8801K [0x00000000d5580000, 0x00000000e2880000, 0x0000000100000000)
  eden space 190464K, 0% used [0x00000000d5580000,0x00000000d5580000,0x00000000e0f80000)
  from space 12288K, 71% used [0x00000000e1c80000,0x00000000e2518448,0x00000000e2880000)
  to   space 12800K, 0% used [0x00000000e0f80000,0x00000000e0f80000,0x00000000e1c00000)
 ParOldGen       total 32256K, used 12625K [0x0000000080000000, 0x0000000081f80000, 0x00000000d5580000)
  object space 32256K, 39% used [0x0000000080000000,0x0000000080c545b8,0x0000000081f80000)
 Metaspace       used 34062K, capacity 35320K, committed 35456K, reserved 1079296K
  class space    used 4583K, capacity 4882K, committed 4992K, reserved 1048576K
}
Event: 24.657 GC heap before
{Heap before GC invocations=12 (full 2):
 PSYoungGen      total 202752K, used 8801K [0x00000000d5580000, 0x00000000e2880000, 0x0000000100000000)
  eden space 190464K, 0% used [0x00000000d5580000,0x00000000d5580000,0x00000000e0f80000)
  from space 12288K, 71% used [0x00000000e1c80000,0x00000000e2518448,0x00000000e2880000)
  to   space 12800K, 0% used [0x00000000e0f80000,0x00000000e0f80000,0x00000000e1c00000)
 ParOldGen       total 32256K, used 12625K [0x0000000080000000, 0x0000000081f80000, 0x00000000d5580000)
  object space 32256K, 39% used [0x0000000080000000,0x0000000080c545b8,0x0000000081f80000)
 Metaspace       used 34062K, capacity 35320K, committed 35456K, reserved 1079296K
  class space    used 4583K, capacity 4882K, committed 4992K, reserved 1048576K
Event: 24.932 GC heap after
Heap after GC invocations=12 (full 2):
 PSYoungGen      total 202752K, used 0K [0x00000000d5580000, 0x00000000e2880000, 0x0000000100000000)
  eden space 190464K, 0% used [0x00000000d5580000,0x00000000d5580000,0x00000000e0f80000)
  from space 12288K, 0% used [0x00000000e1c80000,0x00000000e1c80000,0x00000000e2880000)
  to   space 12800K, 0% used [0x00000000e0f80000,0x00000000e0f80000,0x00000000e1c00000)
 ParOldGen       total 32256K, used 15246K [0x0000000080000000, 0x0000000081f80000, 0x00000000d5580000)
  object space 32256K, 47% used [0x0000000080000000,0x0000000080ee3a70,0x0000000081f80000)
 Metaspace       used 34062K, capacity 35320K, committed 35456K, reserved 1079296K
  class space    used 4583K, capacity 4882K, committed 4992K, reserved 1048576K
}

Deoptimization events (10 events):
Event: 25.845 Thread 0x0000000019c30000 Uncommon trap: reason=range_check action=make_not_entrant pc=0x00000000038445b0 method=java.lang.String.charAt(I)C @ 27
Event: 26.601 Thread 0x0000000019c30000 Uncommon trap: reason=unstable_if action=reinterpret pc=0x000000000300c27c method=java.util.HashMap.getNode(ILjava/lang/Object;)Ljava/util/HashMap$Node; @ 53
Event: 26.601 Thread 0x0000000019c30000 Uncommon trap: reason=unstable_if action=reinterpret pc=0x0000000003258330 method=java.util.HashMap.hash(Ljava/lang/Object;)I @ 1
Event: 26.843 Thread 0x0000000019c30000 Uncommon trap: reason=unstable_if action=reinterpret pc=0x0000000003956e8c method=org.codehaus.groovy.runtime.metaclass.MetaMethodIndex.addMethodToList(Ljava/lang/Object;Lgroovy/lang/MetaMethod;)Ljava/lang/Object; @ 226
Event: 27.014 Thread 0x0000000019c30000 Uncommon trap: reason=unstable_if action=reinterpret pc=0x00000000035f39c0 method=org.objectweb.asm.ByteVector.putShort(I)Lorg/objectweb/asm/ByteVector; @ 13
Event: 27.021 Thread 0x0000000019c30000 Uncommon trap: reason=unstable_if action=reinterpret pc=0x00000000035da520 method=java.net.URLStreamHandler.sameFile(Ljava/net/URL;Ljava/net/URL;)Z @ 63
Event: 27.573 Thread 0x0000000019c30000 Uncommon trap: reason=unstable_if action=reinterpret pc=0x00000000037fcc70 method=org.gradle.internal.reflect.PropertyAccessorType.isGetGetterName(Ljava/lang/String;)Z @ 14
Event: 28.163 Thread 0x0000000019c30000 Uncommon trap: reason=unstable_if action=reinterpret pc=0x000000000328b198 method=java.net.URI.match(CJJ)Z @ 45
Event: 28.171 Thread 0x0000000019c30000 Uncommon trap: reason=unstable_if action=reinterpret pc=0x0000000003216260 method=java.net.URI.match(CJJ)Z @ 45
Event: 28.219 Thread 0x0000000019c30000 Uncommon trap: reason=unstable_if action=reinterpret pc=0x00000000030e05e0 method=java.net.URI.match(CJJ)Z @ 45

Classes redefined (0 events):
No events

Internal exceptions (10 events):
Event: 27.894 Thread 0x0000000019c30000 Exception <a 'java/lang/ClassNotFoundException': org/gradle/api/internal/artifacts/DefaultArtifactRepositoryContainerBeanInfo> (0x00000000d939ad80) thrown at [C:\src\AOSP-openjdk-git\hotspot\src\share\vm\classfile\systemDictionary.cpp, line 210]
Event: 27.896 Thread 0x0000000019c30000 Exception <a 'java/lang/ClassNotFoundException': org/gradle/api/internal/DefaultNamedDomainObjectListBeanInfo> (0x00000000d93ce2c8) thrown at [C:\src\AOSP-openjdk-git\hotspot\src\share\vm\classfile\systemDictionary.cpp, line 210]
Event: 27.898 Thread 0x0000000019c30000 Exception <a 'java/lang/ClassNotFoundException': org/gradle/api/internal/DefaultNamedDomainObjectCollectionBeanInfo> (0x00000000d9403df8) thrown at [C:\src\AOSP-openjdk-git\hotspot\src\share\vm\classfile\systemDictionary.cpp, line 210]
Event: 27.900 Thread 0x0000000019c30000 Exception <a 'java/lang/ClassNotFoundException': org/gradle/api/internal/DefaultDomainObjectCollectionBeanInfo> (0x00000000d9438238) thrown at [C:\src\AOSP-openjdk-git\hotspot\src\share\vm\classfile\systemDictionary.cpp, line 210]
Event: 27.903 Thread 0x0000000019c30000 Exception <a 'java/lang/ClassNotFoundException': org/gradle/api/internal/DefaultDomainObjectCollectionCustomizer> (0x00000000d946d340) thrown at [C:\src\AOSP-openjdk-git\hotspot\src\share\vm\classfile\systemDictionary.cpp, line 210]
Event: 27.910 Thread 0x0000000019c30000 Exception <a 'java/lang/ClassNotFoundException': org/gradle/api/internal/DefaultNamedDomainObjectCollectionCustomizer> (0x00000000d94cb680) thrown at [C:\src\AOSP-openjdk-git\hotspot\src\share\vm\classfile\systemDictionary.cpp, line 210]
Event: 27.924 Thread 0x0000000019c30000 Exception <a 'java/lang/ClassNotFoundException': org/gradle/api/internal/DefaultNamedDomainObjectListCustomizer> (0x00000000d953a680) thrown at [C:\src\AOSP-openjdk-git\hotspot\src\share\vm\classfile\systemDictionary.cpp, line 210]
Event: 27.929 Thread 0x0000000019c30000 Exception <a 'java/lang/ClassNotFoundException': org/gradle/api/internal/artifacts/DefaultArtifactRepositoryContainerCustomizer> (0x00000000d95ae9b8) thrown at [C:\src\AOSP-openjdk-git\hotspot\src\share\vm\classfile\systemDictionary.cpp, line 210]
Event: 27.936 Thread 0x0000000019c30000 Exception <a 'java/lang/ClassNotFoundException': org/gradle/api/internal/artifacts/dsl/DefaultRepositoryHandlerCustomizer> (0x00000000d9613c60) thrown at [C:\src\AOSP-openjdk-git\hotspot\src\share\vm\classfile\systemDictionary.cpp, line 210]
Event: 27.942 Thread 0x0000000019c30000 Exception <a 'java/lang/ClassNotFoundException': org/gradle/api/internal/artifacts/dsl/DefaultRepositoryHandler_DecoratedCustomizer> (0x00000000d9697b80) thrown at [C:\src\AOSP-openjdk-git\hotspot\src\share\vm\classfile\systemDictionary.cpp, line 210]

Events (10 events):
Event: 30.223 Executing VM operation: RevokeBias
Event: 30.224 Executing VM operation: RevokeBias done
Event: 30.226 loading class org/gradle/api/internal/artifacts/ivyservice/resolutionstrategy/DefaultCachePolicy$CachedArtifactResolutionControl
Event: 30.226 loading class org/gradle/api/internal/artifacts/ivyservice/resolutionstrategy/DefaultCachePolicy$CachedArtifactResolutionControl done
Event: 30.228 loading class org/gradle/api/internal/artifacts/DownloadArtifactBuildOperationType
Event: 30.228 loading class org/gradle/api/internal/artifacts/DownloadArtifactBuildOperationType done
Event: 30.230 loading class org/gradle/api/internal/artifacts/DownloadArtifactBuildOperationType$Result
Event: 30.230 loading class org/gradle/api/internal/artifacts/DownloadArtifactBuildOperationType$Result done
Event: 30.233 loading class org/gradle/api/internal/artifacts/DownloadArtifactBuildOperationType$1
Event: 30.233 loading class org/gradle/api/internal/artifacts/DownloadArtifactBuildOperationType$1 done


Dynamic libraries:
0x00007ff601970000 - 0x00007ff6019a1000 	C:\Program Files\Android\Android Studio\jre\bin\java.exe
0x00007fff6b480000 - 0x00007fff6b670000 	C:\WINDOWS\SYSTEM32\ntdll.dll
0x00007fff6a420000 - 0x00007fff6a4d2000 	C:\WINDOWS\System32\KERNEL32.DLL
0x00007fff68410000 - 0x00007fff686b5000 	C:\WINDOWS\System32\KERNELBASE.dll
0x00007fff69e00000 - 0x00007fff69ea3000 	C:\WINDOWS\System32\ADVAPI32.dll
0x00007fff6a950000 - 0x00007fff6a9ee000 	C:\WINDOWS\System32\msvcrt.dll
0x00007fff695e0000 - 0x00007fff69677000 	C:\WINDOWS\System32\sechost.dll
0x00007fff69700000 - 0x00007fff6981f000 	C:\WINDOWS\System32\RPCRT4.dll
0x00007fff69c60000 - 0x00007fff69df4000 	C:\WINDOWS\System32\USER32.dll
0x00007fff686c0000 - 0x00007fff686e1000 	C:\WINDOWS\System32\win32u.dll
0x00007fff696d0000 - 0x00007fff696f6000 	C:\WINDOWS\System32\GDI32.dll
0x00007fff68f00000 - 0x00007fff69098000 	C:\WINDOWS\System32\gdi32full.dll
0x00007fff69430000 - 0x00007fff694ce000 	C:\WINDOWS\System32\msvcp_win.dll
0x00007fff69280000 - 0x00007fff6937a000 	C:\WINDOWS\System32\ucrtbase.dll
0x00007fff59300000 - 0x00007fff59584000 	C:\WINDOWS\WinSxS\amd64_microsoft.windows.common-controls_6595b64144ccf1df_6.0.18362.1556_none_9e7e372fe45e41d5\COMCTL32.dll
0x00007fff69820000 - 0x00007fff69b56000 	C:\WINDOWS\System32\combase.dll
0x00007fff68e70000 - 0x00007fff68ef1000 	C:\WINDOWS\System32\bcryptPrimitives.dll
0x00007fff69680000 - 0x00007fff696ae000 	C:\WINDOWS\System32\IMM32.DLL
0x000000005ff20000 - 0x000000005fff2000 	C:\Program Files\Android\Android Studio\jre\jre\bin\msvcr100.dll
0x00000000600e0000 - 0x000000006092b000 	C:\Program Files\Android\Android Studio\jre\jre\bin\server\jvm.dll
0x00007fff6b1b0000 - 0x00007fff6b1b8000 	C:\WINDOWS\System32\PSAPI.DLL
0x00007fff4ed00000 - 0x00007fff4ed09000 	C:\WINDOWS\SYSTEM32\WSOCK32.dll
0x00007fff6a340000 - 0x00007fff6a3af000 	C:\WINDOWS\System32\WS2_32.dll
0x00007fff64a80000 - 0x00007fff64aa4000 	C:\WINDOWS\SYSTEM32\WINMM.dll
0x00007fff5bef0000 - 0x00007fff5befa000 	C:\WINDOWS\SYSTEM32\VERSION.dll
0x00007fff64a50000 - 0x00007fff64a7d000 	C:\WINDOWS\SYSTEM32\WINMMBASE.dll
0x00007fff690d0000 - 0x00007fff6911a000 	C:\WINDOWS\System32\cfgmgr32.dll
0x00007fff646e0000 - 0x00007fff646ef000 	C:\Program Files\Android\Android Studio\jre\jre\bin\verify.dll
0x00007fff62c80000 - 0x00007fff62ca9000 	C:\Program Files\Android\Android Studio\jre\jre\bin\java.dll
0x00007fff62a80000 - 0x00007fff62a96000 	C:\Program Files\Android\Android Studio\jre\jre\bin\zip.dll
0x00007fff6aac0000 - 0x00007fff6b1a7000 	C:\WINDOWS\System32\SHELL32.dll
0x00007fff6a0f0000 - 0x00007fff6a198000 	C:\WINDOWS\System32\shcore.dll
0x00007fff686f0000 - 0x00007fff68e6b000 	C:\WINDOWS\System32\windows.storage.dll
0x00007fff683d0000 - 0x00007fff683ee000 	C:\WINDOWS\System32\profapi.dll
0x00007fff68360000 - 0x00007fff683aa000 	C:\WINDOWS\System32\powrprof.dll
0x00007fff68330000 - 0x00007fff68340000 	C:\WINDOWS\System32\UMPDC.dll
0x00007fff6aa60000 - 0x00007fff6aab2000 	C:\WINDOWS\System32\shlwapi.dll
0x00007fff68340000 - 0x00007fff68351000 	C:\WINDOWS\System32\kernel.appcore.dll
0x00007fff683f0000 - 0x00007fff68407000 	C:\WINDOWS\System32\cryptsp.dll
0x00007fff62640000 - 0x00007fff6265a000 	C:\Program Files\Android\Android Studio\jre\jre\bin\net.dll
0x00007fff67b10000 - 0x00007fff67b77000 	C:\WINDOWS\system32\mswsock.dll
0x00007fff606d0000 - 0x00007fff606e3000 	C:\Program Files\Android\Android Studio\jre\jre\bin\nio.dll
0x00007fff62c50000 - 0x00007fff62c77000 	C:\Users\mehmet esen\.gradle\native\f6784746aeab05261644944871eae4fe03e0ef1612fff0a4a95f87b438bc6780\windows-amd64\native-platform.dll
0x00007fff646d0000 - 0x00007fff646dd000 	C:\Program Files\Android\Android Studio\jre\jre\bin\management.dll
0x00007fff67690000 - 0x00007fff676c3000 	C:\WINDOWS\system32\rsaenh.dll
0x00007fff690a0000 - 0x00007fff690c6000 	C:\WINDOWS\System32\bcrypt.dll
0x00007fff68250000 - 0x00007fff68275000 	C:\WINDOWS\SYSTEM32\USERENV.dll
0x00007fff67ce0000 - 0x00007fff67cec000 	C:\WINDOWS\SYSTEM32\CRYPTBASE.dll
0x00007fff67820000 - 0x00007fff6785a000 	C:\WINDOWS\SYSTEM32\IPHLPAPI.DLL
0x00007fff6a410000 - 0x00007fff6a418000 	C:\WINDOWS\System32\NSI.dll
0x00007fff66c20000 - 0x00007fff66c36000 	C:\WINDOWS\SYSTEM32\dhcpcsvc6.DLL
0x00007fff66c00000 - 0x00007fff66c1c000 	C:\WINDOWS\SYSTEM32\dhcpcsvc.DLL
0x00007fff67860000 - 0x00007fff6792b000 	C:\WINDOWS\SYSTEM32\DNSAPI.dll
0x00007fff663a0000 - 0x00007fff663ab000 	C:\WINDOWS\SYSTEM32\WINNSI.DLL

VM Arguments:
jvm_args: -Xmx2048m -Dfile.encoding=UTF-8 -Duser.country=TR -Duser.language=tr -Duser.variant 
java_command: org.gradle.launcher.daemon.bootstrap.GradleDaemon 6.5
java_class_path (initial): C:\Users\mehmet esen\.gradle\wrapper\dists\gradle-6.5-bin\6nifqtx7604sqp1q6g8wikw7p\gradle-6.5\lib\gradle-launcher-6.5.jar
Launcher Type: SUN_STANDARD

Environment Variables:
PATH=C:\Program Files\Common Files\Oracle\Java\javapath;C:\Program Files (x86)\Intel\TXE Components\TCS\;C:\Program Files\Intel\TXE Components\TCS\;C:\WINDOWS\system32;C:\WINDOWS;C:\WINDOWS\System32\Wbem;C:\WINDOWS\System32\WindowsPowerShell\v1.0\;C:\Program Files\Intel\TXE Components\DAL\;C:\Program Files (x86)\Intel\TXE Components\DAL\;C:\Program Files\Intel\TXE Components\IPT\;C:\Program Files (x86)\Intel\TXE Components\IPT\;C:\WINDOWS\System32\OpenSSH\;C:\Program Files\Intel\WiFi\bin\;C:\Program Files\Common Files\Intel\WirelessCommon\;C:\Program Files\Azure Data Studio\bin;C:\Program Files\Amazon\AWSCLIV2\;C:\Program Files\Java\jdk-15.0.2\bin;C:\Program Files (x86)\bin;D:\git\Git\cmd;C:\Users\mehmet esen\AppData\Local\Microsoft\WindowsApps;C:\Program Files\Azure Data Studio\bin;C:\Users\mehmet esen\AppData\Local\Programs\Python\Python39
USERNAME=mehmet esen
OS=Windows_NT
PROCESSOR_IDENTIFIER=Intel64 Family 6 Model 76 Stepping 4, GenuineIntel



---------------  S Y S T E M  ---------------

OS: Windows 10.0 , 64 bit Build 18362 (10.0.18362.1500)

CPU:total 2 (initial active 2) (2 cores per cpu, 1 threads per core) family 6 model 76 stepping 4, cmov, cx8, fxsr, mmx, sse, sse2, sse3, ssse3, sse4.1, sse4.2, popcnt, aes, clmul, erms, 3dnowpref, tsc, tscinvbit

Memory: 4k page, physical 4097616k(825584k free), swap 4969916k(6172k free)

vm_info: OpenJDK 64-Bit Server VM (25.242-b01) for windows-amd64 JRE (1.8.0_242-release-1644-b01), built by "builder" with MS VC++ 10.0 (VS2010)

time: Sat Nov 20 21:21:24 2021
timezone: Türkiye Standart Saati
elapsed time: 30 seconds (0d 0h 0m 30s)

