#
# There is insufficient memory for the Java Runtime Environment to continue.
# Native memory allocation (malloc) failed to allocate 1115376 bytes for Chunk::new
# Possible reasons:
#   The system is out of physical RAM or swap space
#   The process is running with CompressedOops enabled, and the Java Heap may be blocking the growth of the native heap
# Possible solutions:
#   Reduce memory load on the system
#   Increase physical memory or swap space
#   Check if swap backing store is full
#   Decrease Java heap size (-Xmx/-Xms)
#   Decrease number of Java threads
#   Decrease Java thread stack sizes (-Xss)
#   Set larger code cache with -XX:ReservedCodeCacheSize=
#   JVM is running with Unscaled Compressed Oops mode in which the Java heap is
#     placed in the first 4GB address space. The Java Heap base address is the
#     maximum limit for the native heap growth. Please use -XX:HeapBaseMinAddress
#     to set the Java Heap base and to place the Java Heap above 4GB virtual address.
# This output file may be truncated or incomplete.
#
#  Out of Memory Error (allocation.cpp:389), pid=340, tid=0x0000000000002458
#
# JRE version: OpenJDK Runtime Environment (8.0_242-b01) (build 1.8.0_242-release-1644-b01)
# Java VM: OpenJDK 64-Bit Server VM (25.242-b01 mixed mode windows-amd64 compressed oops)
# Failed to write core dump. Minidumps are not enabled by default on client versions of Windows
#

---------------  T H R E A D  ---------------

Current thread (0x0000000016e81000):  JavaThread "C2 CompilerThread0" daemon [_thread_in_native, id=9304, stack(0x0000000017eb0000,0x0000000017fb0000)]

Stack: [0x0000000017eb0000,0x0000000017fb0000]
[error occurred during error reporting (printing stack bounds), id 0xc0000005]

Native frames: (J=compiled Java code, j=interpreted, Vv=VM code, C=native code)


Current CompileTask:
C2:1751005 18748       4       org.gradle.internal.snapshot.SnapshotUtil::getMetadataFromChildren (317 bytes)


---------------  P R O C E S S  ---------------

Java Threads: ( => current thread )
  0x0000000019919000 JavaThread "Cache worker for execution history cache (D:\AndroidStudioProjects\DocumentScanner\.gradle\6.5\executionHistory)" [_thread_blocked, id=1052, stack(0x000000002b1a0000,0x000000002b2a0000)]
  0x000000001991b800 JavaThread "Execution worker for ':'" [_thread_blocked, id=5872, stack(0x000000002b0a0000,0x000000002b1a0000)]
  0x000000001991d000 JavaThread "Cache worker for file content cache (D:\AndroidStudioProjects\DocumentScanner\.gradle\6.5\fileContent)" [_thread_blocked, id=6740, stack(0x000000002afa0000,0x000000002b0a0000)]
  0x0000000019920000 JavaThread "Cache worker for Build Output Cleanup Cache (D:\AndroidStudioProjects\DocumentScanner\.gradle\buildOutputCleanup)" [_thread_blocked, id=7708, stack(0x000000002aea0000,0x000000002afa0000)]
  0x000000001991f000 JavaThread "jar transforms Thread 440" [_thread_blocked, id=5888, stack(0x000000002ada0000,0x000000002aea0000)]
  0x000000001991a000 JavaThread "jar transforms Thread 439" [_thread_blocked, id=4632, stack(0x000000002aca0000,0x000000002ada0000)]
  0x000000001991c000 JavaThread "jar transforms Thread 438" [_thread_blocked, id=8012, stack(0x000000002aba0000,0x000000002aca0000)]
  0x000000001991e800 JavaThread "jar transforms Thread 437" [_thread_blocked, id=7316, stack(0x000000002aaa0000,0x000000002aba0000)]
  0x0000000019911800 JavaThread "jar transforms Thread 436" [_thread_blocked, id=9076, stack(0x000000002a9a0000,0x000000002aaa0000)]
  0x0000000019918800 JavaThread "jar transforms Thread 435" [_thread_blocked, id=6136, stack(0x000000002a8a0000,0x000000002a9a0000)]
  0x0000000019917000 JavaThread "jar transforms Thread 434" [_thread_blocked, id=3760, stack(0x000000002a7a0000,0x000000002a8a0000)]
  0x0000000019917800 JavaThread "jar transforms Thread 433" [_thread_blocked, id=3424, stack(0x000000002a6a0000,0x000000002a7a0000)]
  0x0000000019914800 JavaThread "jar transforms Thread 432" [_thread_blocked, id=4880, stack(0x000000002a5a0000,0x000000002a6a0000)]
  0x000000001acf1800 JavaThread "jar transforms Thread 431" [_thread_blocked, id=8840, stack(0x000000002a4a0000,0x000000002a5a0000)]
  0x000000001acf5000 JavaThread "jar transforms Thread 430" [_thread_blocked, id=10096, stack(0x000000002a3a0000,0x000000002a4a0000)]
  0x000000001acf6800 JavaThread "jar transforms Thread 429" [_thread_blocked, id=4212, stack(0x000000002a2a0000,0x000000002a3a0000)]
  0x000000001acf3800 JavaThread "jar transforms Thread 428" [_thread_blocked, id=4416, stack(0x000000002a1a0000,0x000000002a2a0000)]
  0x000000001acf0800 JavaThread "jar transforms Thread 427" [_thread_blocked, id=2088, stack(0x000000002a0a0000,0x000000002a1a0000)]
  0x000000001acf4800 JavaThread "jar transforms Thread 426" [_thread_blocked, id=6592, stack(0x0000000029fa0000,0x000000002a0a0000)]
  0x000000001acf6000 JavaThread "jar transforms Thread 425" [_thread_blocked, id=4148, stack(0x0000000029ea0000,0x0000000029fa0000)]
  0x000000001ace9000 JavaThread "jar transforms Thread 424" [_thread_blocked, id=2140, stack(0x00000000283d0000,0x00000000284d0000)]
  0x000000001acf0000 JavaThread "jar transforms Thread 423" [_thread_blocked, id=6808, stack(0x00000000281d0000,0x00000000282d0000)]
  0x000000001acef000 JavaThread "jar transforms Thread 422" [_thread_blocked, id=4640, stack(0x00000000280d0000,0x00000000281d0000)]
  0x000000001acee800 JavaThread "jar transforms Thread 421" [_thread_blocked, id=9744, stack(0x0000000027fd0000,0x00000000280d0000)]
  0x000000001acec000 JavaThread "jar transforms Thread 420" [_thread_blocked, id=176, stack(0x0000000027ed0000,0x0000000027fd0000)]
  0x000000001aced800 JavaThread "jar transforms Thread 419" [_thread_blocked, id=2864, stack(0x0000000027dd0000,0x0000000027ed0000)]
  0x000000001acea800 JavaThread "jar transforms Thread 418" [_thread_blocked, id=6732, stack(0x0000000027cd0000,0x0000000027dd0000)]
  0x000000001acea000 JavaThread "jar transforms Thread 417" [_thread_blocked, id=5180, stack(0x00000000277d0000,0x00000000278d0000)]
  0x0000000028d6d800 JavaThread "jar transforms Thread 416" [_thread_blocked, id=852, stack(0x00000000272a0000,0x00000000273a0000)]
  0x0000000028d73800 JavaThread "jar transforms Thread 415" [_thread_blocked, id=6440, stack(0x0000000026fa0000,0x00000000270a0000)]
  0x0000000028d6c000 JavaThread "jar transforms Thread 414" [_thread_blocked, id=3232, stack(0x00000000263a0000,0x00000000264a0000)]
  0x0000000028d72000 JavaThread "jar transforms Thread 413" [_thread_blocked, id=6528, stack(0x0000000025ba0000,0x0000000025ca0000)]
  0x0000000028d6c800 JavaThread "jar transforms Thread 412" [_thread_blocked, id=3868, stack(0x0000000025aa0000,0x0000000025ba0000)]
  0x0000000028d71000 JavaThread "jar transforms Thread 411" [_thread_blocked, id=7712, stack(0x00000000259a0000,0x0000000025aa0000)]
  0x0000000028d72800 JavaThread "jar transforms Thread 410" [_thread_blocked, id=8968, stack(0x00000000258a0000,0x00000000259a0000)]
  0x0000000028d69800 JavaThread "jar transforms Thread 409" [_thread_blocked, id=8236, stack(0x00000000257a0000,0x00000000258a0000)]
  0x0000000028d70800 JavaThread "jar transforms Thread 408" [_thread_blocked, id=5472, stack(0x00000000256a0000,0x00000000257a0000)]
  0x0000000028d6f800 JavaThread "jar transforms Thread 407" [_thread_blocked, id=1820, stack(0x00000000255a0000,0x00000000256a0000)]
  0x0000000028d65000 JavaThread "jar transforms Thread 406" [_thread_blocked, id=4144, stack(0x00000000254a0000,0x00000000255a0000)]
  0x0000000028d67800 JavaThread "jar transforms Thread 405" [_thread_blocked, id=2220, stack(0x00000000253a0000,0x00000000254a0000)]
  0x0000000028d68000 JavaThread "jar transforms Thread 404" [_thread_blocked, id=972, stack(0x00000000252a0000,0x00000000253a0000)]
  0x0000000028d69000 JavaThread "jar transforms Thread 403" [_thread_blocked, id=708, stack(0x00000000251a0000,0x00000000252a0000)]
  0x0000000028d6a800 JavaThread "jar transforms Thread 402" [_thread_blocked, id=5332, stack(0x00000000250a0000,0x00000000251a0000)]
  0x0000000028d64800 JavaThread "jar transforms Thread 401" [_thread_blocked, id=9864, stack(0x0000000024fa0000,0x00000000250a0000)]
  0x0000000028d66800 JavaThread "jar transforms Thread 400" [_thread_blocked, id=9344, stack(0x0000000024ea0000,0x0000000024fa0000)]
  0x0000000028d66000 JavaThread "jar transforms Thread 399" [_thread_blocked, id=4492, stack(0x0000000024da0000,0x0000000024ea0000)]
  0x0000000028d6b000 JavaThread "jar transforms Thread 398" [_thread_blocked, id=3436, stack(0x0000000024ca0000,0x0000000024da0000)]
  0x000000001943e800 JavaThread "jar transforms Thread 397" [_thread_blocked, id=4364, stack(0x0000000024ba0000,0x0000000024ca0000)]
  0x000000001943d000 JavaThread "jar transforms Thread 396" [_thread_blocked, id=9244, stack(0x0000000024aa0000,0x0000000024ba0000)]
  0x000000001943b800 JavaThread "jar transforms Thread 395" [_thread_blocked, id=8124, stack(0x00000000249a0000,0x0000000024aa0000)]
  0x000000001943a800 JavaThread "jar transforms Thread 394" [_thread_blocked, id=7568, stack(0x00000000248a0000,0x00000000249a0000)]
  0x000000001943d800 JavaThread "jar transforms Thread 393" [_thread_blocked, id=2272, stack(0x00000000247a0000,0x00000000248a0000)]
  0x000000001943c000 JavaThread "jar transforms Thread 392" [_thread_blocked, id=1392, stack(0x00000000246a0000,0x00000000247a0000)]
  0x0000000019433000 JavaThread "jar transforms Thread 391" [_thread_blocked, id=9300, stack(0x00000000245a0000,0x00000000246a0000)]
  0x0000000019439800 JavaThread "jar transforms Thread 390" [_thread_blocked, id=9988, stack(0x00000000244a0000,0x00000000245a0000)]
  0x0000000019432000 JavaThread "jar transforms Thread 389" [_thread_blocked, id=9264, stack(0x00000000243a0000,0x00000000244a0000)]
  0x0000000019439000 JavaThread "jar transforms Thread 388" [_thread_blocked, id=7940, stack(0x00000000242a0000,0x00000000243a0000)]
  0x0000000019438000 JavaThread "jar transforms Thread 387" [_thread_blocked, id=5892, stack(0x00000000241a0000,0x00000000242a0000)]
  0x0000000019437800 JavaThread "jar transforms Thread 386" [_thread_blocked, id=9380, stack(0x00000000240a0000,0x00000000241a0000)]
  0x0000000019430800 JavaThread "jar transforms Thread 385" [_thread_blocked, id=7212, stack(0x0000000023fa0000,0x00000000240a0000)]
  0x0000000019430000 JavaThread "jar transforms Thread 384" [_thread_blocked, id=1044, stack(0x0000000023ea0000,0x0000000023fa0000)]
  0x0000000019436800 JavaThread "jar transforms Thread 383" [_thread_blocked, id=5816, stack(0x0000000023da0000,0x0000000023ea0000)]
  0x000000001942f000 JavaThread "jar transforms Thread 382" [_thread_blocked, id=1476, stack(0x0000000023ca0000,0x0000000023da0000)]
  0x0000000019435000 JavaThread "jar transforms Thread 381" [_thread_blocked, id=2880, stack(0x0000000023ba0000,0x0000000023ca0000)]
  0x0000000019434800 JavaThread "jar transforms Thread 380" [_thread_blocked, id=9796, stack(0x0000000023aa0000,0x0000000023ba0000)]
  0x0000000019436000 JavaThread "jar transforms Thread 379" [_thread_blocked, id=7608, stack(0x00000000239a0000,0x0000000023aa0000)]
  0x000000001a12a000 JavaThread "jar transforms Thread 378" [_thread_blocked, id=10028, stack(0x00000000238a0000,0x00000000239a0000)]
  0x000000001a129800 JavaThread "jar transforms Thread 377" [_thread_blocked, id=4732, stack(0x00000000237a0000,0x00000000238a0000)]
  0x000000001a128000 JavaThread "jar transforms Thread 376" [_thread_blocked, id=4408, stack(0x00000000236a0000,0x00000000237a0000)]
  0x000000001a12b000 JavaThread "jar transforms Thread 375" [_thread_blocked, id=3392, stack(0x00000000235a0000,0x00000000236a0000)]
  0x000000001a127000 JavaThread "jar transforms Thread 374" [_thread_blocked, id=9208, stack(0x00000000234a0000,0x00000000235a0000)]
  0x000000001a128800 JavaThread "jar transforms Thread 373" [_thread_blocked, id=6984, stack(0x00000000233a0000,0x00000000234a0000)]
  0x000000001a125800 JavaThread "jar transforms Thread 372" [_thread_blocked, id=1184, stack(0x00000000232a0000,0x00000000233a0000)]
  0x000000001a126800 JavaThread "jar transforms Thread 371" [_thread_blocked, id=6224, stack(0x00000000231a0000,0x00000000232a0000)]
  0x000000001a11e000 JavaThread "jar transforms Thread 370" [_thread_blocked, id=9036, stack(0x00000000230a0000,0x00000000231a0000)]
  0x000000001a125000 JavaThread "jar transforms Thread 369" [_thread_blocked, id=10188, stack(0x0000000022fa0000,0x00000000230a0000)]
  0x000000001a124000 JavaThread "jar transforms Thread 368" [_thread_blocked, id=1440, stack(0x0000000022ea0000,0x0000000022fa0000)]
  0x000000001a11c800 JavaThread "jar transforms Thread 367" [_thread_blocked, id=7012, stack(0x0000000022da0000,0x0000000022ea0000)]
  0x000000001a11e800 JavaThread "jar transforms Thread 366" [_thread_blocked, id=3300, stack(0x0000000021cc0000,0x0000000021dc0000)]
  0x000000001a123800 JavaThread "jar transforms Thread 365" [_thread_blocked, id=7240, stack(0x0000000021bc0000,0x0000000021cc0000)]
  0x000000001a11b800 JavaThread "jar transforms Thread 364" [_thread_blocked, id=8548, stack(0x0000000021ac0000,0x0000000021bc0000)]
  0x000000001a120800 JavaThread "jar transforms Thread 363" [_thread_blocked, id=9672, stack(0x00000000219c0000,0x0000000021ac0000)]
  0x000000001a122800 JavaThread "jar transforms Thread 362" [_thread_blocked, id=7092, stack(0x00000000215c0000,0x00000000216c0000)]
  0x000000001a11f800 JavaThread "jar transforms Thread 361" [_thread_blocked, id=5176, stack(0x00000000214c0000,0x00000000215c0000)]
  0x000000001a122000 JavaThread "jar transforms Thread 360" [_thread_blocked, id=112, stack(0x00000000213c0000,0x00000000214c0000)]
  0x000000001a11d000 JavaThread "jar transforms Thread 359" [_thread_blocked, id=712, stack(0x00000000212c0000,0x00000000213c0000)]
  0x00000000297e9000 JavaThread "jar transforms Thread 358" [_thread_blocked, id=4656, stack(0x00000000211c0000,0x00000000212c0000)]
  0x00000000297e6000 JavaThread "jar transforms Thread 357" [_thread_blocked, id=416, stack(0x00000000210c0000,0x00000000211c0000)]
  0x00000000297e8000 JavaThread "jar transforms Thread 356" [_thread_blocked, id=9752, stack(0x0000000020fc0000,0x00000000210c0000)]
  0x00000000297e6800 JavaThread "jar transforms Thread 355" [_thread_blocked, id=376, stack(0x0000000020ec0000,0x0000000020fc0000)]
  0x00000000297eb000 JavaThread "jar transforms Thread 354" [_thread_blocked, id=3916, stack(0x0000000020dc0000,0x0000000020ec0000)]
  0x00000000297e5000 JavaThread "jar transforms Thread 353" [_thread_blocked, id=7448, stack(0x0000000020cc0000,0x0000000020dc0000)]
  0x00000000297ea800 JavaThread "Build operations Thread 2" [_thread_blocked, id=8660, stack(0x000000001f7b0000,0x000000001f8b0000)]
  0x00000000297e7800 JavaThread "Build operations" [_thread_blocked, id=8252, stack(0x000000001f6b0000,0x000000001f7b0000)]
  0x00000000297e9800 JavaThread "Cache worker for cache directory md-rule (C:\Users\mehmet esen\.gradle\caches\6.5\md-rule)" [_thread_blocked, id=1296, stack(0x000000001efa0000,0x000000001f0a0000)]
  0x00000000297dd800 JavaThread "Cache worker for cache directory md-supplier (C:\Users\mehmet esen\.gradle\caches\6.5\md-supplier)" [_thread_blocked, id=7956, stack(0x000000001e6a0000,0x000000001e7a0000)]
  0x00000000297e4800 JavaThread "Cache worker for checksums cache (D:\AndroidStudioProjects\DocumentScanner\.gradle\checksums)" [_thread_blocked, id=7516, stack(0x000000001e5a0000,0x000000001e6a0000)]
  0x00000000297dd000 JavaThread "Cache worker for file hash cache (D:\AndroidStudioProjects\DocumentScanner\.gradle\6.5\fileHashes)" [_thread_blocked, id=8772, stack(0x000000001e4a0000,0x000000001e5a0000)]
  0x00000000297e1800 JavaThread "Thread-446" [_thread_blocked, id=296, stack(0x000000001dba0000,0x000000001dca0000)]
  0x00000000297df000 JavaThread "Stdin handler" [_thread_blocked, id=8524, stack(0x000000001c1d0000,0x000000001c2d0000)]
  0x00000000297de800 JavaThread "Asynchronous log dispatcher for DefaultDaemonConnection: socket connection from /127.0.0.1:51732 to /127.0.0.1:52105" [_thread_blocked, id=4412, stack(0x000000001bed0000,0x000000001bfd0000)]
  0x00000000297e2000 JavaThread "Daemon worker Thread 5" [_thread_in_Java, id=9348, stack(0x000000001bbd0000,0x000000001bcd0000)]
  0x00000000297e3800 JavaThread "Cancel handler" [_thread_blocked, id=2480, stack(0x000000001b590000,0x000000001b690000)]
  0x00000000297e0000 JavaThread "Handler for socket connection from /127.0.0.1:51732 to /127.0.0.1:52105" [_thread_in_native, id=3460, stack(0x00000000008e0000,0x00000000009e0000)]
  0x00000000297e3000 JavaThread "Daemon Thread 5" [_thread_blocked, id=6404, stack(0x00000000006d0000,0x00000000007d0000)]
  0x000000001d7c2800 JavaThread "Cache worker for Java compile cache (C:\Users\mehmet esen\.gradle\caches\6.5\javaCompile)" [_thread_blocked, id=5172, stack(0x00000000282d0000,0x00000000283d0000)]
  0x000000001aceb800 JavaThread "Memory manager" [_thread_blocked, id=9884, stack(0x0000000026ea0000,0x0000000026fa0000)]
  0x0000000019916000 JavaThread "Cache worker for file content cache (C:\Users\mehmet esen\.gradle\caches\6.5\fileContent)" [_thread_blocked, id=1612, stack(0x000000001eea0000,0x000000001efa0000)]
  0x0000000019912800 JavaThread "Cache worker for execution history cache (C:\Users\mehmet esen\.gradle\caches\6.5\executionHistory)" [_thread_blocked, id=7376, stack(0x000000001e9a0000,0x000000001eaa0000)]
  0x00000000193db000 JavaThread "Cache worker for file hash cache (C:\Users\mehmet esen\.gradle\caches\6.5\fileHashes)" [_thread_blocked, id=7480, stack(0x000000001c6d0000,0x000000001c7d0000)]
  0x00000000193da800 JavaThread "File lock request listener" [_thread_in_native, id=8424, stack(0x000000001c5d0000,0x000000001c6d0000)]
  0x00000000194fb800 JavaThread "Cache worker for journal cache (C:\Users\mehmet esen\.gradle\caches\journal-1)" [_thread_blocked, id=6656, stack(0x000000001c4d0000,0x000000001c5d0000)]
  0x00000000185d3800 JavaThread "Daemon periodic checks" [_thread_blocked, id=8188, stack(0x000000001b8d0000,0x000000001b9d0000)]
  0x0000000018da9000 JavaThread "Incoming local TCP Connector on port 51732" [_thread_in_native, id=1980, stack(0x000000001b690000,0x000000001b790000)]
  0x0000000019ad0000 JavaThread "Daemon health stats" [_thread_blocked, id=1560, stack(0x000000001b050000,0x000000001b150000)]
  0x0000000016ef0000 JavaThread "Service Thread" daemon [_thread_blocked, id=7780, stack(0x00000000180b0000,0x00000000181b0000)]
  0x0000000016e88800 JavaThread "C1 CompilerThread1" daemon [_thread_blocked, id=784, stack(0x0000000017fb0000,0x00000000180b0000)]
=>0x0000000016e81000 JavaThread "C2 CompilerThread0" daemon [_thread_in_native, id=9304, stack(0x0000000017eb0000,0x0000000017fb0000)]
  0x0000000016e7f800 JavaThread "Attach Listener" daemon [_thread_blocked, id=1948, stack(0x0000000017db0000,0x0000000017eb0000)]
  0x0000000016e7c000 JavaThread "Signal Dispatcher" daemon [_thread_blocked, id=9964, stack(0x0000000017cb0000,0x0000000017db0000)]
  0x00000000023b7800 JavaThread "Finalizer" daemon [_thread_blocked, id=6196, stack(0x0000000017ac0000,0x0000000017bc0000)]
  0x0000000016e67000 JavaThread "Reference Handler" daemon [_thread_blocked, id=3060, stack(0x00000000179c0000,0x0000000017ac0000)]
  0x000000000249e800 JavaThread "main" [_thread_blocked, id=3040, stack(0x00000000009e0000,0x0000000000ae0000)]

Other Threads:
  0x0000000016e45800 VMThread [stack: 0x00000000178c0000,0x00000000179c0000] [id=4064]
  0x0000000016ef3000 WatcherThread [stack: 0x00000000181b0000,0x00000000182b0000] [id=9764]

VM state:not at safepoint (normal execution)

VM Mutex/Monitor currently owned by a thread: None

heap address: 0x0000000080000000, size: 2048 MB, Compressed Oops mode: 32-bit
Narrow klass base: 0x0000000000000000, Narrow klass shift: 3
Compressed class space size: 1073741824 Address: 0x0000000100000000

Heap:
 PSYoungGen      total 488960K, used 240462K [0x00000000d5580000, 0x00000000fc480000, 0x0000000100000000)
  eden space 450560K, 49% used [0x00000000d5580000,0x00000000e2fec748,0x00000000f0d80000)
  from space 38400K, 43% used [0x00000000f0d80000,0x00000000f1de7338,0x00000000f3300000)
  to   space 37376K, 0% used [0x00000000fa000000,0x00000000fa000000,0x00000000fc480000)
 ParOldGen       total 135680K, used 62804K [0x0000000080000000, 0x0000000088480000, 0x00000000d5580000)
  object space 135680K, 46% used [0x0000000080000000,0x0000000083d552a8,0x0000000088480000)
 Metaspace       used 95943K, capacity 101549K, committed 101672K, reserved 1136640K
  class space    used 12548K, capacity 13553K, committed 13608K, reserved 1048576K

Card table byte_map: [0x0000000011860000,0x0000000011c70000] byte_map_base: 0x0000000011460000

Marking Bits: (ParMarkBitMap*) 0x000000005649f030
 Begin Bits: [0x0000000012120000, 0x0000000014120000)
 End Bits:   [0x0000000014120000, 0x0000000016120000)

Polling page: 0x00000000007d0000

CodeCache: size=245760Kb used=50951Kb max_used=50951Kb free=194808Kb
 bounds [0x00000000024a0000, 0x00000000056b0000, 0x00000000114a0000]
 total_blobs=16103 nmethods=15218 adapters=795
 compilation: enabled

Compilation events (10 events):
Event: 1750.688 Thread 0x0000000016e88800 18758       1       org.gradle.api.internal.artifacts.transform.DefaultTransformer::access$300 (5 bytes)
Event: 1750.688 Thread 0x0000000016e88800 nmethod 18758 0x0000000004819cd0 code [0x0000000004819e20, 0x0000000004819f10]
Event: 1750.793 Thread 0x0000000016e88800 18760       1       org.gradle.api.internal.artifacts.ivyservice.resolveengine.artifact.ParallelResolveArtifactSet$VisitingSet::access$100 (5 bytes)
Event: 1750.793 Thread 0x0000000016e88800 nmethod 18760 0x00000000055d71d0 code [0x00000000055d7320, 0x00000000055d7410]
Event: 1750.834 Thread 0x0000000016e88800 18761       1       org.gradle.api.internal.provider.AbstractProperty$NonFinalizedValue::finalizeOnNextGet (6 bytes)
Event: 1750.834 Thread 0x0000000016e88800 nmethod 18761 0x0000000004477dd0 code [0x0000000004477f20, 0x0000000004478030]
Event: 1750.834 Thread 0x0000000016e88800 18762       3       org.gradle.api.internal.GeneratedSubclasses::unpackType (22 bytes)
Event: 1750.835 Thread 0x0000000016e88800 nmethod 18762 0x0000000005668d50 code [0x0000000005668ee0, 0x00000000056693c8]
Event: 1750.853 Thread 0x0000000016e88800 18763       3       org.gradle.api.internal.file.collections.DirectoryFileTree::visit (13 bytes)
Event: 1750.853 Thread 0x0000000016e88800 nmethod 18763 0x0000000003e7a810 code [0x0000000003e7a980, 0x0000000003e7ab28]

GC Heap History (10 events):
Event: 83.586 GC heap before
{Heap before GC invocations=15 (full 3):
 PSYoungGen      total 309248K, used 309237K [0x00000000d5580000, 0x00000000ef780000, 0x0000000100000000)
  eden space 286208K, 100% used [0x00000000d5580000,0x00000000e6d00000,0x00000000e6d00000)
  from space 23040K, 99% used [0x00000000e6d00000,0x00000000e837d7b8,0x00000000e8380000)
  to   space 28160K, 0% used [0x00000000edc00000,0x00000000edc00000,0x00000000ef780000)
 ParOldGen       total 85504K, used 40314K [0x0000000080000000, 0x0000000085380000, 0x00000000d5580000)
  object space 85504K, 47% used [0x0000000080000000,0x000000008275e800,0x0000000085380000)
 Metaspace       used 78544K, capacity 82181K, committed 82216K, reserved 1120256K
  class space    used 10560K, capacity 11285K, committed 11304K, reserved 1048576K
Event: 83.865 GC heap after
Heap after GC invocations=15 (full 3):
 PSYoungGen      total 391680K, used 23693K [0x00000000d5580000, 0x00000000ef680000, 0x0000000100000000)
  eden space 364544K, 0% used [0x00000000d5580000,0x00000000d5580000,0x00000000eb980000)
  from space 27136K, 87% used [0x00000000edc00000,0x00000000ef3235b0,0x00000000ef680000)
  to   space 31232K, 0% used [0x00000000eb980000,0x00000000eb980000,0x00000000ed800000)
 ParOldGen       total 85504K, used 59681K [0x0000000080000000, 0x0000000085380000, 0x00000000d5580000)
  object space 85504K, 69% used [0x0000000080000000,0x0000000083a48520,0x0000000085380000)
 Metaspace       used 78544K, capacity 82181K, committed 82216K, reserved 1120256K
  class space    used 10560K, capacity 11285K, committed 11304K, reserved 1048576K
}
Event: 214.094 GC heap before
{Heap before GC invocations=16 (full 3):
 PSYoungGen      total 391680K, used 388237K [0x00000000d5580000, 0x00000000ef680000, 0x0000000100000000)
  eden space 364544K, 100% used [0x00000000d5580000,0x00000000eb980000,0x00000000eb980000)
  from space 27136K, 87% used [0x00000000edc00000,0x00000000ef3235b0,0x00000000ef680000)
  to   space 31232K, 0% used [0x00000000eb980000,0x00000000eb980000,0x00000000ed800000)
 ParOldGen       total 85504K, used 59681K [0x0000000080000000, 0x0000000085380000, 0x00000000d5580000)
  object space 85504K, 69% used [0x0000000080000000,0x0000000083a48520,0x0000000085380000)
 Metaspace       used 93571K, capacity 98301K, committed 98344K, reserved 1134592K
  class space    used 12417K, capacity 13323K, committed 13352K, reserved 1048576K
Event: 214.279 GC heap after
Heap after GC invocations=16 (full 3):
 PSYoungGen      total 395776K, used 31210K [0x00000000d5580000, 0x00000000f5880000, 0x0000000100000000)
  eden space 364544K, 0% used [0x00000000d5580000,0x00000000d5580000,0x00000000eb980000)
  from space 31232K, 99% used [0x00000000eb980000,0x00000000ed7fab80,0x00000000ed800000)
  to   space 38400K, 0% used [0x00000000f3300000,0x00000000f3300000,0x00000000f5880000)
 ParOldGen       total 85504K, used 65596K [0x0000000080000000, 0x0000000085380000, 0x00000000d5580000)
  object space 85504K, 76% used [0x0000000080000000,0x000000008400f308,0x0000000085380000)
 Metaspace       used 93571K, capacity 98301K, committed 98344K, reserved 1134592K
  class space    used 12417K, capacity 13323K, committed 13352K, reserved 1048576K
}
Event: 219.238 GC heap before
{Heap before GC invocations=17 (full 3):
 PSYoungGen      total 395776K, used 100000K [0x00000000d5580000, 0x00000000f5880000, 0x0000000100000000)
  eden space 364544K, 18% used [0x00000000d5580000,0x00000000d98ad4b0,0x00000000eb980000)
  from space 31232K, 99% used [0x00000000eb980000,0x00000000ed7fab80,0x00000000ed800000)
  to   space 38400K, 0% used [0x00000000f3300000,0x00000000f3300000,0x00000000f5880000)
 ParOldGen       total 85504K, used 65596K [0x0000000080000000, 0x0000000085380000, 0x00000000d5580000)
  object space 85504K, 76% used [0x0000000080000000,0x000000008400f308,0x0000000085380000)
 Metaspace       used 93750K, capacity 98555K, committed 98600K, reserved 1134592K
  class space    used 12426K, capacity 13340K, committed 13352K, reserved 1048576K
Event: 219.375 GC heap after
Heap after GC invocations=17 (full 3):
 PSYoungGen      total 488960K, used 1216K [0x00000000d5580000, 0x00000000f6080000, 0x0000000100000000)
  eden space 450560K, 0% used [0x00000000d5580000,0x00000000d5580000,0x00000000f0d80000)
  from space 38400K, 3% used [0x00000000f3300000,0x00000000f3430020,0x00000000f5880000)
  to   space 38400K, 0% used [0x00000000f0d80000,0x00000000f0d80000,0x00000000f3300000)
 ParOldGen       total 91136K, used 90675K [0x0000000080000000, 0x0000000085900000, 0x00000000d5580000)
  object space 91136K, 99% used [0x0000000080000000,0x000000008588ce58,0x0000000085900000)
 Metaspace       used 93750K, capacity 98555K, committed 98600K, reserved 1134592K
  class space    used 12426K, capacity 13340K, committed 13352K, reserved 1048576K
}
Event: 219.375 GC heap before
{Heap before GC invocations=18 (full 4):
 PSYoungGen      total 488960K, used 1216K [0x00000000d5580000, 0x00000000f6080000, 0x0000000100000000)
  eden space 450560K, 0% used [0x00000000d5580000,0x00000000d5580000,0x00000000f0d80000)
  from space 38400K, 3% used [0x00000000f3300000,0x00000000f3430020,0x00000000f5880000)
  to   space 38400K, 0% used [0x00000000f0d80000,0x00000000f0d80000,0x00000000f3300000)
 ParOldGen       total 91136K, used 90675K [0x0000000080000000, 0x0000000085900000, 0x00000000d5580000)
  object space 91136K, 99% used [0x0000000080000000,0x000000008588ce58,0x0000000085900000)
 Metaspace       used 93750K, capacity 98555K, committed 98600K, reserved 1134592K
  class space    used 12426K, capacity 13340K, committed 13352K, reserved 1048576K
Event: 220.265 GC heap after
Heap after GC invocations=18 (full 4):
 PSYoungGen      total 488960K, used 0K [0x00000000d5580000, 0x00000000f6080000, 0x0000000100000000)
  eden space 450560K, 0% used [0x00000000d5580000,0x00000000d5580000,0x00000000f0d80000)
  from space 38400K, 0% used [0x00000000f3300000,0x00000000f3300000,0x00000000f5880000)
  to   space 38400K, 0% used [0x00000000f0d80000,0x00000000f0d80000,0x00000000f3300000)
 ParOldGen       total 135680K, used 62796K [0x0000000080000000, 0x0000000088480000, 0x00000000d5580000)
  object space 135680K, 46% used [0x0000000080000000,0x0000000083d532a8,0x0000000088480000)
 Metaspace       used 93742K, capacity 98535K, committed 98600K, reserved 1134592K
  class space    used 12424K, capacity 13336K, committed 13352K, reserved 1048576K
}
Event: 1082.990 GC heap before
{Heap before GC invocations=19 (full 4):
 PSYoungGen      total 488960K, used 450560K [0x00000000d5580000, 0x00000000f6080000, 0x0000000100000000)
  eden space 450560K, 100% used [0x00000000d5580000,0x00000000f0d80000,0x00000000f0d80000)
  from space 38400K, 0% used [0x00000000f3300000,0x00000000f3300000,0x00000000f5880000)
  to   space 38400K, 0% used [0x00000000f0d80000,0x00000000f0d80000,0x00000000f3300000)
 ParOldGen       total 135680K, used 62796K [0x0000000080000000, 0x0000000088480000, 0x00000000d5580000)
  object space 135680K, 46% used [0x0000000080000000,0x0000000083d532a8,0x0000000088480000)
 Metaspace       used 95109K, capacity 100497K, committed 100648K, reserved 1136640K
  class space    used 12517K, capacity 13501K, committed 13608K, reserved 1048576K
Event: 1083.201 GC heap after
Heap after GC invocations=19 (full 4):
 PSYoungGen      total 488960K, used 16796K [0x00000000d5580000, 0x00000000fc480000, 0x0000000100000000)
  eden space 450560K, 0% used [0x00000000d5580000,0x00000000d5580000,0x00000000f0d80000)
  from space 38400K, 43% used [0x00000000f0d80000,0x00000000f1de7338,0x00000000f3300000)
  to   space 37376K, 0% used [0x00000000fa000000,0x00000000fa000000,0x00000000fc480000)
 ParOldGen       total 135680K, used 62804K [0x0000000080000000, 0x0000000088480000, 0x00000000d5580000)
  object space 135680K, 46% used [0x0000000080000000,0x0000000083d552a8,0x0000000088480000)
 Metaspace       used 95109K, capacity 100497K, committed 100648K, reserved 1136640K
  class space    used 12517K, capacity 13501K, committed 13608K, reserved 1048576K
}

Deoptimization events (10 events):
Event: 1089.453 Thread 0x000000001a120800 Uncommon trap: reason=array_check action=maybe_recompile pc=0x0000000004b9af84 method=java.util.TimSort.reverseRange([Ljava/lang/Object;II)V @ 20
Event: 1090.814 Thread 0x000000001a120800 Uncommon trap: reason=unstable_if action=reinterpret pc=0x0000000005009fa8 method=java.util.HashMap.removeNode(ILjava/lang/Object;Ljava/lang/Object;ZZ)Ljava/util/HashMap$Node; @ 146
Event: 1740.474 Thread 0x00000000297e0000 Uncommon trap: reason=class_check action=maybe_recompile pc=0x0000000002ee8598 method=java.lang.reflect.Array.newInstance(Ljava/lang/Class;I)Ljava/lang/Object; @ 2
Event: 1742.204 Thread 0x00000000297e2000 Uncommon trap: reason=class_check action=maybe_recompile pc=0x0000000003da444c method=org.gradle.internal.component.model.ImmutableModuleSources.getSource(Ljava/lang/Class;)Ljava/util/Optional; @ 32
Event: 1742.205 Thread 0x00000000297e2000 Uncommon trap: reason=class_check action=maybe_recompile pc=0x0000000003da444c method=org.gradle.internal.component.model.ImmutableModuleSources.getSource(Ljava/lang/Class;)Ljava/util/Optional; @ 32
Event: 1742.222 Thread 0x00000000297e7800 Uncommon trap: reason=class_check action=maybe_recompile pc=0x0000000003da444c method=org.gradle.internal.component.model.ImmutableModuleSources.getSource(Ljava/lang/Class;)Ljava/util/Optional; @ 32
Event: 1742.223 Thread 0x00000000297e7800 Uncommon trap: reason=class_check action=maybe_recompile pc=0x0000000003da444c method=org.gradle.internal.component.model.ImmutableModuleSources.getSource(Ljava/lang/Class;)Ljava/util/Optional; @ 32
Event: 1749.050 Thread 0x00000000297e2000 Uncommon trap: reason=unstable_if action=reinterpret pc=0x0000000004b18400 method=java.util.concurrent.ConcurrentLinkedQueue.offer(Ljava/lang/Object;)Z @ 91
Event: 1750.547 Thread 0x000000001991b800 Uncommon trap: reason=class_check action=maybe_recompile pc=0x0000000004d03fc4 method=org.gradle.internal.snapshot.SnapshotUtil.getMetadataFromChildren(Ljava/util/List;Lorg/gradle/internal/snapshot/VfsRelativePath;Lorg/gradle/internal/snapshot/CaseSensiti
Event: 1750.555 Thread 0x000000001991b800 Uncommon trap: reason=class_check action=maybe_recompile pc=0x0000000004d04314 method=org.gradle.internal.snapshot.SnapshotUtil.getMetadataFromChildren(Ljava/util/List;Lorg/gradle/internal/snapshot/VfsRelativePath;Lorg/gradle/internal/snapshot/CaseSensiti

Classes redefined (0 events):
No events

Internal exceptions (10 events):
Event: 1082.690 Thread 0x000000001a120800 Exception <a 'sun/nio/fs/WindowsException'> (0x00000000f0c48358) thrown at [C:\src\AOSP-openjdk-git\hotspot\src\share\vm\prims\jni.cpp, line 710]
Event: 1086.335 Thread 0x00000000297e3800 Exception <a 'sun/nio/fs/WindowsException'> (0x00000000d828d3c0) thrown at [C:\src\AOSP-openjdk-git\hotspot\src\share\vm\prims\jni.cpp, line 710]
Event: 1086.355 Thread 0x00000000297e3800 Exception <a 'sun/nio/fs/WindowsException'> (0x00000000d828dbc8) thrown at [C:\src\AOSP-openjdk-git\hotspot\src\share\vm\prims\jni.cpp, line 710]
Event: 1086.355 Thread 0x00000000297e3800 Exception <a 'sun/nio/fs/WindowsException'> (0x00000000d828e110) thrown at [C:\src\AOSP-openjdk-git\hotspot\src\share\vm\prims\jni.cpp, line 710]
Event: 1087.022 Thread 0x00000000193d9000 Exception <a 'java/io/FileNotFoundException'> (0x00000000d88b1ff8) thrown at [C:\src\AOSP-openjdk-git\hotspot\src\share\vm\prims\jni.cpp, line 710]
Event: 1087.536 Thread 0x00000000193d9000 Exception <a 'java/io/FileNotFoundException'> (0x00000000d89de9e8) thrown at [C:\src\AOSP-openjdk-git\hotspot\src\share\vm\prims\jni.cpp, line 710]
Event: 1087.763 Thread 0x000000001a120800 Exception <a 'sun/nio/fs/WindowsException'> (0x00000000d8bbd1a0) thrown at [C:\src\AOSP-openjdk-git\hotspot\src\share\vm\prims\jni.cpp, line 710]
Event: 1089.565 Thread 0x000000001a120800 Exception <a 'sun/nio/fs/WindowsException'> (0x00000000dab1fa70) thrown at [C:\src\AOSP-openjdk-git\hotspot\src\share\vm\prims\jni.cpp, line 710]
Event: 1090.815 Thread 0x000000001a120800 Exception <a 'sun/nio/fs/WindowsException'> (0x00000000db21a700) thrown at [C:\src\AOSP-openjdk-git\hotspot\src\share\vm\prims\jni.cpp, line 710]
Event: 1090.819 Thread 0x000000001a120800 Exception <a 'sun/nio/fs/WindowsException'> (0x00000000db21bfe0) thrown at [C:\src\AOSP-openjdk-git\hotspot\src\share\vm\prims\jni.cpp, line 710]

Events (10 events):
Event: 1750.547 Thread 0x000000001991b800 DEOPT UNPACKING pc=0x00000000024e557b sp=0x000000002b19c6f8 mode 2
Event: 1750.555 Thread 0x000000001991b800 Uncommon trap: trap_request=0xffffffde fr.pc=0x0000000004d04314
Event: 1750.556 Thread 0x000000001991b800 DEOPT PACKING pc=0x0000000004d04314 sp=0x000000002b19c6f0
Event: 1750.556 Thread 0x000000001991b800 DEOPT UNPACKING pc=0x00000000024e557b sp=0x000000002b19c6c8 mode 2
Event: 1750.661 Executing VM operation: RevokeBias
Event: 1750.662 Executing VM operation: RevokeBias done
Event: 1750.760 Executing VM operation: RevokeBias
Event: 1750.761 Executing VM operation: RevokeBias done
Event: 1750.961 Executing VM operation: RevokeBias
Event: 1750.961 Executing VM operation: RevokeBias done


Dynamic libraries:
0x00007ff632520000 - 0x00007ff632551000 	C:\Program Files\Android\Android Studio\jre\bin\java.exe
0x00007ffa64dc0000 - 0x00007ffa64fb0000 	C:\WINDOWS\SYSTEM32\ntdll.dll
0x00007ffa64860000 - 0x00007ffa64912000 	C:\WINDOWS\System32\KERNEL32.DLL
0x00007ffa62670000 - 0x00007ffa62915000 	C:\WINDOWS\System32\KERNELBASE.dll
0x00007ffa64ca0000 - 0x00007ffa64d43000 	C:\WINDOWS\System32\ADVAPI32.dll
0x00007ffa635f0000 - 0x00007ffa6368e000 	C:\WINDOWS\System32\msvcrt.dll
0x00007ffa64110000 - 0x00007ffa641a7000 	C:\WINDOWS\System32\sechost.dll
0x00007ffa63310000 - 0x00007ffa6342f000 	C:\WINDOWS\System32\RPCRT4.dll
0x00007ffa63430000 - 0x00007ffa635c4000 	C:\WINDOWS\System32\USER32.dll
0x00007ffa62590000 - 0x00007ffa625b1000 	C:\WINDOWS\System32\win32u.dll
0x00007ffa64d50000 - 0x00007ffa64d76000 	C:\WINDOWS\System32\GDI32.dll
0x00007ffa62b20000 - 0x00007ffa62cb8000 	C:\WINDOWS\System32\gdi32full.dll
0x00007ffa62a80000 - 0x00007ffa62b1e000 	C:\WINDOWS\System32\msvcp_win.dll
0x00007ffa62d70000 - 0x00007ffa62e6a000 	C:\WINDOWS\System32\ucrtbase.dll
0x00007ffa529b0000 - 0x00007ffa52c34000 	C:\WINDOWS\WinSxS\amd64_microsoft.windows.common-controls_6595b64144ccf1df_6.0.18362.1556_none_9e7e372fe45e41d5\COMCTL32.dll
0x00007ffa62e70000 - 0x00007ffa631a6000 	C:\WINDOWS\System32\combase.dll
0x00007ffa624b0000 - 0x00007ffa62531000 	C:\WINDOWS\System32\bcryptPrimitives.dll
0x00007ffa64230000 - 0x00007ffa6425e000 	C:\WINDOWS\System32\IMM32.DLL
0x0000000055b10000 - 0x0000000055be2000 	C:\Program Files\Android\Android Studio\jre\jre\bin\msvcr100.dll
0x0000000055cd0000 - 0x000000005651b000 	C:\Program Files\Android\Android Studio\jre\jre\bin\server\jvm.dll
0x00007ffa64030000 - 0x00007ffa64038000 	C:\WINDOWS\System32\PSAPI.DLL
0x00007ffa5e380000 - 0x00007ffa5e3a4000 	C:\WINDOWS\SYSTEM32\WINMM.dll
0x00007ffa52d30000 - 0x00007ffa52d3a000 	C:\WINDOWS\SYSTEM32\VERSION.dll
0x00007ffa5e350000 - 0x00007ffa5e37d000 	C:\WINDOWS\SYSTEM32\WINMMBASE.dll
0x00007ffa62540000 - 0x00007ffa6258a000 	C:\WINDOWS\System32\cfgmgr32.dll
0x00007ffa4f4c0000 - 0x00007ffa4f4c9000 	C:\WINDOWS\SYSTEM32\WSOCK32.dll
0x00007ffa641b0000 - 0x00007ffa6421f000 	C:\WINDOWS\System32\ws2_32.DLL
0x00007ffa5dfd0000 - 0x00007ffa5dfdf000 	C:\Program Files\Android\Android Studio\jre\jre\bin\verify.dll
0x00007ffa51ec0000 - 0x00007ffa51ee9000 	C:\Program Files\Android\Android Studio\jre\jre\bin\java.dll
0x00007ffa4cf40000 - 0x00007ffa4cf56000 	C:\Program Files\Android\Android Studio\jre\jre\bin\zip.dll
0x00007ffa63940000 - 0x00007ffa64027000 	C:\WINDOWS\System32\SHELL32.dll
0x00007ffa64730000 - 0x00007ffa647d8000 	C:\WINDOWS\System32\shcore.dll
0x00007ffa61d30000 - 0x00007ffa624ab000 	C:\WINDOWS\System32\windows.storage.dll
0x00007ffa61cd0000 - 0x00007ffa61cee000 	C:\WINDOWS\System32\profapi.dll
0x00007ffa61c80000 - 0x00007ffa61cca000 	C:\WINDOWS\System32\powrprof.dll
0x00007ffa61c70000 - 0x00007ffa61c80000 	C:\WINDOWS\System32\UMPDC.dll
0x00007ffa637b0000 - 0x00007ffa63802000 	C:\WINDOWS\System32\shlwapi.dll
0x00007ffa61d10000 - 0x00007ffa61d21000 	C:\WINDOWS\System32\kernel.appcore.dll
0x00007ffa62650000 - 0x00007ffa62667000 	C:\WINDOWS\System32\cryptsp.dll
0x00007ffa4c3b0000 - 0x00007ffa4c3ca000 	C:\Program Files\Android\Android Studio\jre\jre\bin\net.dll
0x00007ffa61450000 - 0x00007ffa614b7000 	C:\WINDOWS\system32\mswsock.dll
0x00007ffa49ab0000 - 0x00007ffa49ac3000 	C:\Program Files\Android\Android Studio\jre\jre\bin\nio.dll
0x00007ffa50680000 - 0x00007ffa506a7000 	C:\Users\mehmet esen\.gradle\native\f6784746aeab05261644944871eae4fe03e0ef1612fff0a4a95f87b438bc6780\windows-amd64\native-platform.dll
0x00007ffa5c740000 - 0x00007ffa5c74d000 	C:\Program Files\Android\Android Studio\jre\jre\bin\management.dll
0x00007ffa60fd0000 - 0x00007ffa61003000 	C:\WINDOWS\system32\rsaenh.dll
0x00007ffa625c0000 - 0x00007ffa625e6000 	C:\WINDOWS\System32\bcrypt.dll
0x00007ffa61b90000 - 0x00007ffa61bb5000 	C:\WINDOWS\SYSTEM32\USERENV.dll
0x00007ffa61620000 - 0x00007ffa6162c000 	C:\WINDOWS\SYSTEM32\CRYPTBASE.dll
0x00007ffa61160000 - 0x00007ffa6119a000 	C:\WINDOWS\SYSTEM32\IPHLPAPI.DLL
0x00007ffa64220000 - 0x00007ffa64228000 	C:\WINDOWS\System32\NSI.dll
0x00007ffa60560000 - 0x00007ffa60576000 	C:\WINDOWS\SYSTEM32\dhcpcsvc6.DLL
0x00007ffa60540000 - 0x00007ffa6055c000 	C:\WINDOWS\SYSTEM32\dhcpcsvc.DLL
0x00007ffa611a0000 - 0x00007ffa6126b000 	C:\WINDOWS\SYSTEM32\DNSAPI.dll
0x00007ffa5fbe0000 - 0x00007ffa5fbeb000 	C:\WINDOWS\SYSTEM32\WINNSI.DLL
0x00007ffa60ce0000 - 0x00007ffa60d11000 	C:\WINDOWS\SYSTEM32\ntmarta.dll

VM Arguments:
jvm_args: -Xmx2048m -Dfile.encoding=UTF-8 -Duser.country=TR -Duser.language=tr -Duser.variant 
java_command: org.gradle.launcher.daemon.bootstrap.GradleDaemon 6.5
java_class_path (initial): C:\Users\mehmet esen\.gradle\wrapper\dists\gradle-6.5-bin\6nifqtx7604sqp1q6g8wikw7p\gradle-6.5\lib\gradle-launcher-6.5.jar
Launcher Type: SUN_STANDARD

Environment Variables:
PATH=C:\Program Files\Common Files\Oracle\Java\javapath;C:\Program Files (x86)\Intel\TXE Components\TCS\;C:\Program Files\Intel\TXE Components\TCS\;C:\WINDOWS\system32;C:\WINDOWS;C:\WINDOWS\System32\Wbem;C:\WINDOWS\System32\WindowsPowerShell\v1.0\;C:\Program Files\Intel\TXE Components\DAL\;C:\Program Files (x86)\Intel\TXE Components\DAL\;C:\Program Files\Intel\TXE Components\IPT\;C:\Program Files (x86)\Intel\TXE Components\IPT\;C:\WINDOWS\System32\OpenSSH\;C:\Program Files\Intel\WiFi\bin\;C:\Program Files\Common Files\Intel\WirelessCommon\;C:\Program Files\Azure Data Studio\bin;C:\Program Files\Amazon\AWSCLIV2\;C:\Program Files\Java\jdk-15.0.2\bin;C:\Program Files (x86)\bin;D:\git\Git\cmd;C:\Users\mehmet esen\AppData\Local\Microsoft\WindowsApps;C:\Program Files\Azure Data Studio\bin;C:\Users\mehmet esen\AppData\Local\Programs\Python\Python39
USERNAME=mehmet esen
OS=Windows_NT
PROCESSOR_IDENTIFIER=Intel64 Family 6 Model 76 Stepping 4, GenuineIntel



---------------  S Y S T E M  ---------------

OS: Windows 10.0 , 64 bit Build 18362 (10.0.18362.1500)

CPU:total 2 (initial active 2) (2 cores per cpu, 1 threads per core) family 6 model 76 stepping 4, cmov, cx8, fxsr, mmx, sse, sse2, sse3, ssse3, sse4.1, sse4.2, popcnt, aes, clmul, erms, 3dnowpref, tsc, tscinvbit

Memory: 4k page, physical 4097616k(575836k free), swap 5402684k(4412k free)

vm_info: OpenJDK 64-Bit Server VM (25.242-b01) for windows-amd64 JRE (1.8.0_242-release-1644-b01), built by "builder" with MS VC++ 10.0 (VS2010)

time: Wed Nov 10 16:18:24 2021
timezone: Türkiye Standart Saati
elapsed time: 1751 seconds (0d 0h 29m 11s)

